2026-03-30T12:50:47.240Z  INFO [AUTH-SERVICE,traceId=,spanId=] 1 --- [AUTH-SERVICE] [main] [                                                 ] in.cg.main.AuthServiceApplication        : Starting AuthServiceApplication v1.0 using Java 21.0.10 with PID 1 (/app/app.jar started by root in /app)
2026-03-30T12:50:47.567Z  INFO [AUTH-SERVICE,traceId=,spanId=] 1 --- [AUTH-SERVICE] [main] [                                                 ] in.cg.main.AuthServiceApplication        : No active profile set, falling back to 1 default profile: "default"
2026-03-30T12:51:35.881Z  INFO [AUTH-SERVICE,traceId=,spanId=] 1 --- [AUTH-SERVICE] [main] [                                                 ] .s.d.r.c.RepositoryConfigurationDelegate : Bootstrapping Spring Data JPA repositories in DEFAULT mode.
2026-03-30T12:51:41.099Z  INFO [AUTH-SERVICE,traceId=,spanId=] 1 --- [AUTH-SERVICE] [main] [                                                 ] .s.d.r.c.RepositoryConfigurationDelegate : Finished Spring Data repository scanning in 4851 ms. Found 2 JPA repository interfaces.
2026-03-30T12:51:45.097Z  INFO [AUTH-SERVICE,traceId=,spanId=] 1 --- [AUTH-SERVICE] [main] [                                                 ] o.s.cloud.context.scope.GenericScope     : BeanFactory id=467ce9f1-08ca-3c74-9995-797a56cf2f6b
2026-03-30T12:51:50.774Z  WARN [AUTH-SERVICE,traceId=,spanId=] 1 --- [AUTH-SERVICE] [main] [                                                 ] trationDelegate$BeanPostProcessorChecker : Bean 'org.springframework.cloud.client.loadbalancer.LoadBalancerAutoConfiguration$DeferringLoadBalancerInterceptorConfig' of type [org.springframework.cloud.client.loadbalancer.LoadBalancerAutoConfiguration$DeferringLoadBalancerInterceptorConfig] is not eligible for getting processed by all BeanPostProcessors (for example: not eligible for auto-proxying). The currently created BeanPostProcessor [lbRestClientPostProcessor] is declared through a non-static factory method on that class; consider declaring it as static instead.
2026-03-30T12:51:50.843Z  WARN [AUTH-SERVICE,traceId=,spanId=] 1 --- [AUTH-SERVICE] [main] [                                                 ] trationDelegate$BeanPostProcessorChecker : Bean 'deferringLoadBalancerInterceptor' of type [org.springframework.cloud.client.loadbalancer.DeferringLoadBalancerInterceptor] is not eligible for getting processed by all BeanPostProcessors (for example: not eligible for auto-proxying). Is this bean getting eagerly injected/applied to a currently created BeanPostProcessor [lbRestClientPostProcessor]? Check the corresponding BeanPostProcessor declaration and its dependencies/advisors. If this bean does not have to be post-processed, declare it with ROLE_INFRASTRUCTURE.
2026-03-30T12:51:54.589Z  INFO [AUTH-SERVICE,traceId=,spanId=] 1 --- [AUTH-SERVICE] [main] [                                                 ] o.s.b.w.embedded.tomcat.TomcatWebServer  : Tomcat initialized with port 8081 (http)
2026-03-30T12:51:54.762Z  INFO [AUTH-SERVICE,traceId=,spanId=] 1 --- [AUTH-SERVICE] [main] [                                                 ] o.apache.catalina.core.StandardService   : Starting service [Tomcat]
2026-03-30T12:51:54.776Z  INFO [AUTH-SERVICE,traceId=,spanId=] 1 --- [AUTH-SERVICE] [main] [                                                 ] o.apache.catalina.core.StandardEngine    : Starting Servlet engine: [Apache Tomcat/10.1.31]
2026-03-30T12:51:52.970Z  INFO [AUTH-SERVICE,traceId=,spanId=] 1 --- [AUTH-SERVICE] [main] [                                                 ] o.a.c.c.C.[Tomcat].[localhost].[/]       : Initializing Spring embedded WebApplicationContext
2026-03-30T12:51:52.985Z  INFO [AUTH-SERVICE,traceId=,spanId=] 1 --- [AUTH-SERVICE] [main] [                                                 ] w.s.c.ServletWebServerApplicationContext : Root WebApplicationContext: initialization completed in 63878 ms
2026-03-30T12:52:02.840Z  INFO [AUTH-SERVICE,traceId=,spanId=] 1 --- [AUTH-SERVICE] [main] [                                                 ] o.hibernate.jpa.internal.util.LogHelper  : HHH000204: Processing PersistenceUnitInfo [name: default]
2026-03-30T12:52:04.070Z  INFO [AUTH-SERVICE,traceId=,spanId=] 1 --- [AUTH-SERVICE] [main] [                                                 ] org.hibernate.Version                    : HHH000412: Hibernate ORM core version 6.5.3.Final
2026-03-30T12:52:04.721Z  INFO [AUTH-SERVICE,traceId=,spanId=] 1 --- [AUTH-SERVICE] [main] [                                                 ] o.h.c.internal.RegionFactoryInitiator    : HHH000026: Second-level cache disabled
2026-03-30T12:52:08.922Z  INFO [AUTH-SERVICE,traceId=,spanId=] 1 --- [AUTH-SERVICE] [main] [                                                 ] o.s.o.j.p.SpringPersistenceUnitInfo      : No LoadTimeWeaver setup: ignoring JPA class transformer
2026-03-30T12:52:09.241Z  INFO [AUTH-SERVICE,traceId=,spanId=] 1 --- [AUTH-SERVICE] [main] [                                                 ] com.zaxxer.hikari.HikariDataSource       : HikariPool-1 - Starting...
2026-03-30T12:52:13.230Z  INFO [AUTH-SERVICE,traceId=,spanId=] 1 --- [AUTH-SERVICE] [main] [                                                 ] com.zaxxer.hikari.pool.HikariPool        : HikariPool-1 - Added connection com.mysql.cj.jdbc.ConnectionImpl@7699e60a
2026-03-30T12:52:13.301Z  INFO [AUTH-SERVICE,traceId=,spanId=] 1 --- [AUTH-SERVICE] [main] [                                                 ] com.zaxxer.hikari.HikariDataSource       : HikariPool-1 - Start completed.
2026-03-30T12:52:21.210Z  INFO [AUTH-SERVICE,traceId=,spanId=] 1 --- [AUTH-SERVICE] [main] [                                                 ] o.h.e.t.j.p.i.JtaPlatformInitiator       : HHH000489: No JTA platform available (set 'hibernate.transaction.jta.platform' to enable JTA platform integration)
2026-03-30T12:52:21.955Z  INFO [AUTH-SERVICE,traceId=,spanId=] 1 --- [AUTH-SERVICE] [main] [                                                 ] j.LocalContainerEntityManagerFactoryBean : Initialized JPA EntityManagerFactory for persistence unit 'default'
2026-03-30T12:52:27.869Z  INFO [AUTH-SERVICE,traceId=,spanId=] 1 --- [AUTH-SERVICE] [main] [                                                 ] eAuthenticationProviderManagerConfigurer : Global AuthenticationManager configured with AuthenticationProvider bean with name authenticationProvider
2026-03-30T12:52:27.875Z  WARN [AUTH-SERVICE,traceId=,spanId=] 1 --- [AUTH-SERVICE] [main] [                                                 ] r$InitializeUserDetailsManagerConfigurer : Global AuthenticationManager configured with an AuthenticationProvider bean. UserDetailsService beans will not be used for username/password login. Consider removing the AuthenticationProvider bean. Alternatively, consider using the UserDetailsService in a manually instantiated DaoAuthenticationProvider.
2026-03-30T12:52:30.114Z  WARN [AUTH-SERVICE,traceId=,spanId=] 1 --- [AUTH-SERVICE] [main] [                                                 ] JpaBaseConfiguration$JpaWebConfiguration : spring.jpa.open-in-view is enabled by default. Therefore, database queries may be performed during view rendering. Explicitly configure spring.jpa.open-in-view to disable this warning
2026-03-30T12:52:36.615Z  INFO [AUTH-SERVICE,traceId=,spanId=] 1 --- [AUTH-SERVICE] [main] [                                                 ] o.s.b.a.e.web.EndpointLinksResolver      : Exposing 1 endpoint beneath base path '/actuator'
2026-03-30T12:52:44.865Z  INFO [AUTH-SERVICE,traceId=,spanId=] 1 --- [AUTH-SERVICE] [main] [                                                 ] DiscoveryClientOptionalArgsConfiguration : Eureka HTTP Client uses RestTemplate.
2026-03-30T12:52:45.940Z  WARN [AUTH-SERVICE,traceId=,spanId=] 1 --- [AUTH-SERVICE] [main] [                                                 ] iguration$LoadBalancerCaffeineWarnLogger : Spring Cloud LoadBalancer is currently working with the default cache. While this cache implementation is useful for development and tests, it's recommended to use Caffeine cache in production.You can switch to using Caffeine cache, by adding it and org.springframework.cache.caffeine.CaffeineCacheManager to the classpath.
2026-03-30T12:52:46.769Z  INFO [AUTH-SERVICE,traceId=,spanId=] 1 --- [AUTH-SERVICE] [main] [                                                 ] o.s.c.n.eureka.InstanceInfoFactory       : Setting initial instance status as: STARTING
2026-03-30T12:52:47.038Z  INFO [AUTH-SERVICE,traceId=,spanId=] 1 --- [AUTH-SERVICE] [main] [                                                 ] com.netflix.discovery.DiscoveryClient    : Initializing Eureka in region us-east-1
2026-03-30T12:52:47.131Z  INFO [AUTH-SERVICE,traceId=,spanId=] 1 --- [AUTH-SERVICE] [main] [                                                 ] c.n.d.s.r.aws.ConfigClusterResolver      : Resolving eureka endpoints via configuration
2026-03-30T12:52:47.223Z  INFO [AUTH-SERVICE,traceId=,spanId=] 1 --- [AUTH-SERVICE] [main] [                                                 ] com.netflix.discovery.DiscoveryClient    : Disable delta property : false
2026-03-30T12:52:47.228Z  INFO [AUTH-SERVICE,traceId=,spanId=] 1 --- [AUTH-SERVICE] [main] [                                                 ] com.netflix.discovery.DiscoveryClient    : Single vip registry refresh property : null
2026-03-30T12:52:47.230Z  INFO [AUTH-SERVICE,traceId=,spanId=] 1 --- [AUTH-SERVICE] [main] [                                                 ] com.netflix.discovery.DiscoveryClient    : Force full registry fetch : false
2026-03-30T12:52:47.232Z  INFO [AUTH-SERVICE,traceId=,spanId=] 1 --- [AUTH-SERVICE] [main] [                                                 ] com.netflix.discovery.DiscoveryClient    : Application is null : false
2026-03-30T12:52:47.240Z  INFO [AUTH-SERVICE,traceId=,spanId=] 1 --- [AUTH-SERVICE] [main] [                                                 ] com.netflix.discovery.DiscoveryClient    : Registered Applications size is zero : true
2026-03-30T12:52:47.242Z  INFO [AUTH-SERVICE,traceId=,spanId=] 1 --- [AUTH-SERVICE] [main] [                                                 ] com.netflix.discovery.DiscoveryClient    : Application version is -1: true
2026-03-30T12:52:47.243Z  INFO [AUTH-SERVICE,traceId=,spanId=] 1 --- [AUTH-SERVICE] [main] [                                                 ] com.netflix.discovery.DiscoveryClient    : Getting all instance registry info from the eureka server
2026-03-30T12:52:49.332Z  INFO [AUTH-SERVICE,traceId=,spanId=] 1 --- [AUTH-SERVICE] [main] [                                                 ] com.netflix.discovery.DiscoveryClient    : The response status is 200
2026-03-30T12:52:49.387Z  INFO [AUTH-SERVICE,traceId=,spanId=] 1 --- [AUTH-SERVICE] [main] [                                                 ] com.netflix.discovery.DiscoveryClient    : Starting heartbeat executor: renew interval is: 30
2026-03-30T12:52:49.473Z  INFO [AUTH-SERVICE,traceId=,spanId=] 1 --- [AUTH-SERVICE] [main] [                                                 ] c.n.discovery.InstanceInfoReplicator     : InstanceInfoReplicator onDemand update allowed rate per min is 4
2026-03-30T12:52:49.545Z  INFO [AUTH-SERVICE,traceId=,spanId=] 1 --- [AUTH-SERVICE] [main] [                                                 ] com.netflix.discovery.DiscoveryClient    : Discovery Client initialized at timestamp 1774875169494 with initial instances count: 1
2026-03-30T12:52:49.599Z  INFO [AUTH-SERVICE,traceId=,spanId=] 1 --- [AUTH-SERVICE] [main] [                                                 ] o.s.c.n.e.s.EurekaServiceRegistry        : Registering application AUTH-SERVICE with eureka with status UP
2026-03-30T12:52:49.606Z  INFO [AUTH-SERVICE,traceId=,spanId=] 1 --- [AUTH-SERVICE] [main] [                                                 ] com.netflix.discovery.DiscoveryClient    : Saw local status change event StatusChangeEvent [timestamp=1774875169606, current=UP, previous=STARTING]
2026-03-30T12:52:49.624Z  INFO [AUTH-SERVICE,traceId=,spanId=] 1 --- [AUTH-SERVICE] [DiscoveryClient-InstanceInfoReplicator-%d] [                                                 ] com.netflix.discovery.DiscoveryClient    : DiscoveryClient_AUTH-SERVICE/2a92d441321c:AUTH-SERVICE:8081: registering service...
2026-03-30T12:52:49.828Z  INFO [AUTH-SERVICE,traceId=,spanId=] 1 --- [AUTH-SERVICE] [main] [                                                 ] o.s.b.w.embedded.tomcat.TomcatWebServer  : Tomcat started on port 8081 (http) with context path '/'
2026-03-30T12:52:49.837Z  INFO [AUTH-SERVICE,traceId=,spanId=] 1 --- [AUTH-SERVICE] [main] [                                                 ] .s.c.n.e.s.EurekaAutoServiceRegistration : Updating port to 8081
2026-03-30T12:52:49.983Z  INFO [AUTH-SERVICE,traceId=,spanId=] 1 --- [AUTH-SERVICE] [main] [                                                 ] in.cg.main.AuthServiceApplication        : Started AuthServiceApplication in 133.949 seconds (process running for 174.652)
2026-03-30T12:52:49.995Z  INFO [AUTH-SERVICE,traceId=,spanId=] 1 --- [AUTH-SERVICE] [DiscoveryClient-InstanceInfoReplicator-%d] [                                                 ] com.netflix.discovery.DiscoveryClient    : DiscoveryClient_AUTH-SERVICE/2a92d441321c:AUTH-SERVICE:8081 - registration status: 204
2026-03-30T12:55:21.740Z  INFO [AUTH-SERVICE,traceId=,spanId=] 1 --- [AUTH-SERVICE] [http-nio-8081-exec-1] [                                                 ] o.a.c.c.C.[Tomcat].[localhost].[/]       : Initializing Spring DispatcherServlet 'dispatcherServlet'
2026-03-30T12:55:21.769Z  INFO [AUTH-SERVICE,traceId=,spanId=] 1 --- [AUTH-SERVICE] [http-nio-8081-exec-1] [                                                 ] o.s.web.servlet.DispatcherServlet        : Initializing Servlet 'dispatcherServlet'
2026-03-30T12:55:21.916Z  INFO [AUTH-SERVICE,traceId=,spanId=] 1 --- [AUTH-SERVICE] [http-nio-8081-exec-1] [                                                 ] o.s.web.servlet.DispatcherServlet        : Completed initialization in 145 ms
2026-03-30T12:55:24.570Z  INFO [AUTH-SERVICE,traceId=69ca72ba1c5336ab69a617a65519134a,spanId=38daf71486590e3a] 1 --- [AUTH-SERVICE] [http-nio-8081-exec-1] [69ca72ba1c5336ab69a617a65519134a-38daf71486590e3a] o.springdoc.api.AbstractOpenApiResource  : Init duration for springdoc-openapi is: 1718 ms
2026-03-30T12:57:24.310Z  INFO [AUTH-SERVICE,traceId=,spanId=] 1 --- [AUTH-SERVICE] [AsyncResolver-bootstrap-executor-%d] [                                                 ] c.n.d.s.r.aws.ConfigClusterResolver      : Resolving eureka endpoints via configuration
2026-03-30T13:02:01.118Z  INFO [AUTH-SERVICE,traceId=,spanId=] 1 --- [AUTH-SERVICE] [AsyncResolver-bootstrap-executor-%d] [                                                 ] c.n.d.s.r.aws.ConfigClusterResolver      : Resolving eureka endpoints via configuration
2026-03-30T13:06:38.151Z  INFO [AUTH-SERVICE,traceId=,spanId=] 1 --- [AUTH-SERVICE] [AsyncResolver-bootstrap-executor-%d] [                                                 ] c.n.d.s.r.aws.ConfigClusterResolver      : Resolving eureka endpoints via configuration
2026-03-30T13:06:38.488Z  INFO [AUTH-SERVICE,traceId=,spanId=] 1 --- [AUTH-SERVICE] [SpringApplicationShutdownHook] [                                                 ] o.s.c.n.e.s.EurekaServiceRegistry        : Unregistering application AUTH-SERVICE with eureka with status DOWN
2026-03-30T13:06:38.551Z  INFO [AUTH-SERVICE,traceId=,spanId=] 1 --- [AUTH-SERVICE] [SpringApplicationShutdownHook] [                                                 ] com.netflix.discovery.DiscoveryClient    : Saw local status change event StatusChangeEvent [timestamp=1774875998529, current=DOWN, previous=UP]
2026-03-30T13:06:38.563Z  INFO [AUTH-SERVICE,traceId=,spanId=] 1 --- [AUTH-SERVICE] [DiscoveryClient-InstanceInfoReplicator-%d] [                                                 ] com.netflix.discovery.DiscoveryClient    : DiscoveryClient_AUTH-SERVICE/2a92d441321c:AUTH-SERVICE:8081: registering service...
2026-03-30T13:11:27.412Z  INFO [AUTH-SERVICE,traceId=,spanId=] 1 --- [AUTH-SERVICE] [main] [                                                 ] in.cg.main.AuthServiceApplication        : Starting AuthServiceApplication v1.0 using Java 21.0.10 with PID 1 (/app/app.jar started by root in /app)
2026-03-30T13:11:27.687Z  INFO [AUTH-SERVICE,traceId=,spanId=] 1 --- [AUTH-SERVICE] [main] [                                                 ] in.cg.main.AuthServiceApplication        : No active profile set, falling back to 1 default profile: "default"
2026-03-30T13:12:48.009Z  INFO [AUTH-SERVICE,traceId=,spanId=] 1 --- [AUTH-SERVICE] [main] [                                                 ] .s.d.r.c.RepositoryConfigurationDelegate : Bootstrapping Spring Data JPA repositories in DEFAULT mode.
2026-03-30T13:12:51.665Z  INFO [AUTH-SERVICE,traceId=,spanId=] 1 --- [AUTH-SERVICE] [main] [                                                 ] .s.d.r.c.RepositoryConfigurationDelegate : Finished Spring Data repository scanning in 3520 ms. Found 2 JPA repository interfaces.
2026-03-30T13:12:55.587Z  INFO [AUTH-SERVICE,traceId=,spanId=] 1 --- [AUTH-SERVICE] [main] [                                                 ] o.s.cloud.context.scope.GenericScope     : BeanFactory id=467ce9f1-08ca-3c74-9995-797a56cf2f6b
2026-03-30T13:13:01.092Z  WARN [AUTH-SERVICE,traceId=,spanId=] 1 --- [AUTH-SERVICE] [main] [                                                 ] trationDelegate$BeanPostProcessorChecker : Bean 'org.springframework.cloud.client.loadbalancer.LoadBalancerAutoConfiguration$DeferringLoadBalancerInterceptorConfig' of type [org.springframework.cloud.client.loadbalancer.LoadBalancerAutoConfiguration$DeferringLoadBalancerInterceptorConfig] is not eligible for getting processed by all BeanPostProcessors (for example: not eligible for auto-proxying). The currently created BeanPostProcessor [lbRestClientPostProcessor] is declared through a non-static factory method on that class; consider declaring it as static instead.
2026-03-30T13:13:01.123Z  WARN [AUTH-SERVICE,traceId=,spanId=] 1 --- [AUTH-SERVICE] [main] [                                                 ] trationDelegate$BeanPostProcessorChecker : Bean 'deferringLoadBalancerInterceptor' of type [org.springframework.cloud.client.loadbalancer.DeferringLoadBalancerInterceptor] is not eligible for getting processed by all BeanPostProcessors (for example: not eligible for auto-proxying). Is this bean getting eagerly injected/applied to a currently created BeanPostProcessor [lbRestClientPostProcessor]? Check the corresponding BeanPostProcessor declaration and its dependencies/advisors. If this bean does not have to be post-processed, declare it with ROLE_INFRASTRUCTURE.
2026-03-30T13:13:04.880Z  INFO [AUTH-SERVICE,traceId=,spanId=] 1 --- [AUTH-SERVICE] [main] [                                                 ] o.s.b.w.embedded.tomcat.TomcatWebServer  : Tomcat initialized with port 8081 (http)
2026-03-30T13:13:05.053Z  INFO [AUTH-SERVICE,traceId=,spanId=] 1 --- [AUTH-SERVICE] [main] [                                                 ] o.apache.catalina.core.StandardService   : Starting service [Tomcat]
2026-03-30T13:13:05.061Z  INFO [AUTH-SERVICE,traceId=,spanId=] 1 --- [AUTH-SERVICE] [main] [                                                 ] o.apache.catalina.core.StandardEngine    : Starting Servlet engine: [Apache Tomcat/10.1.31]
2026-03-30T13:13:05.532Z  INFO [AUTH-SERVICE,traceId=,spanId=] 1 --- [AUTH-SERVICE] [main] [                                                 ] o.a.c.c.C.[Tomcat].[localhost].[/]       : Initializing Spring embedded WebApplicationContext
2026-03-30T13:13:05.535Z  INFO [AUTH-SERVICE,traceId=,spanId=] 1 --- [AUTH-SERVICE] [main] [                                                 ] w.s.c.ServletWebServerApplicationContext : Root WebApplicationContext: initialization completed in 95901 ms
2026-03-30T13:13:15.390Z  INFO [AUTH-SERVICE,traceId=,spanId=] 1 --- [AUTH-SERVICE] [main] [                                                 ] o.hibernate.jpa.internal.util.LogHelper  : HHH000204: Processing PersistenceUnitInfo [name: default]
2026-03-30T13:13:17.807Z  INFO [AUTH-SERVICE,traceId=,spanId=] 1 --- [AUTH-SERVICE] [main] [                                                 ] org.hibernate.Version                    : HHH000412: Hibernate ORM core version 6.5.3.Final
2026-03-30T13:13:19.041Z  INFO [AUTH-SERVICE,traceId=,spanId=] 1 --- [AUTH-SERVICE] [main] [                                                 ] o.h.c.internal.RegionFactoryInitiator    : HHH000026: Second-level cache disabled
2026-03-30T13:13:34.988Z  INFO [AUTH-SERVICE,traceId=,spanId=] 1 --- [AUTH-SERVICE] [main] [                                                 ] o.s.o.j.p.SpringPersistenceUnitInfo      : No LoadTimeWeaver setup: ignoring JPA class transformer
2026-03-30T13:13:36.978Z  INFO [AUTH-SERVICE,traceId=,spanId=] 1 --- [AUTH-SERVICE] [main] [                                                 ] com.zaxxer.hikari.HikariDataSource       : HikariPool-1 - Starting...
2026-03-30T13:13:44.307Z  INFO [AUTH-SERVICE,traceId=,spanId=] 1 --- [AUTH-SERVICE] [main] [                                                 ] com.zaxxer.hikari.pool.HikariPool        : HikariPool-1 - Added connection com.mysql.cj.jdbc.ConnectionImpl@65880400
2026-03-30T13:13:44.423Z  INFO [AUTH-SERVICE,traceId=,spanId=] 1 --- [AUTH-SERVICE] [main] [                                                 ] com.zaxxer.hikari.HikariDataSource       : HikariPool-1 - Start completed.
2026-03-30T13:14:13.000Z  INFO [AUTH-SERVICE,traceId=,spanId=] 1 --- [AUTH-SERVICE] [main] [                                                 ] o.h.e.t.j.p.i.JtaPlatformInitiator       : HHH000489: No JTA platform available (set 'hibernate.transaction.jta.platform' to enable JTA platform integration)
2026-03-30T13:14:13.727Z  INFO [AUTH-SERVICE,traceId=,spanId=] 1 --- [AUTH-SERVICE] [main] [                                                 ] j.LocalContainerEntityManagerFactoryBean : Initialized JPA EntityManagerFactory for persistence unit 'default'
2026-03-30T13:14:27.536Z  INFO [AUTH-SERVICE,traceId=,spanId=] 1 --- [AUTH-SERVICE] [main] [                                                 ] eAuthenticationProviderManagerConfigurer : Global AuthenticationManager configured with AuthenticationProvider bean with name authenticationProvider
2026-03-30T13:14:27.549Z  WARN [AUTH-SERVICE,traceId=,spanId=] 1 --- [AUTH-SERVICE] [main] [                                                 ] r$InitializeUserDetailsManagerConfigurer : Global AuthenticationManager configured with an AuthenticationProvider bean. UserDetailsService beans will not be used for username/password login. Consider removing the AuthenticationProvider bean. Alternatively, consider using the UserDetailsService in a manually instantiated DaoAuthenticationProvider.
2026-03-30T13:14:28.792Z  WARN [AUTH-SERVICE,traceId=,spanId=] 1 --- [AUTH-SERVICE] [main] [                                                 ] JpaBaseConfiguration$JpaWebConfiguration : spring.jpa.open-in-view is enabled by default. Therefore, database queries may be performed during view rendering. Explicitly configure spring.jpa.open-in-view to disable this warning
2026-03-30T13:14:32.386Z  INFO [AUTH-SERVICE,traceId=,spanId=] 1 --- [AUTH-SERVICE] [main] [                                                 ] o.s.b.a.e.web.EndpointLinksResolver      : Exposing 1 endpoint beneath base path '/actuator'
2026-03-30T13:14:38.039Z  INFO [AUTH-SERVICE,traceId=,spanId=] 1 --- [AUTH-SERVICE] [main] [                                                 ] DiscoveryClientOptionalArgsConfiguration : Eureka HTTP Client uses RestTemplate.
2026-03-30T13:14:38.752Z  WARN [AUTH-SERVICE,traceId=,spanId=] 1 --- [AUTH-SERVICE] [main] [                                                 ] iguration$LoadBalancerCaffeineWarnLogger : Spring Cloud LoadBalancer is currently working with the default cache. While this cache implementation is useful for development and tests, it's recommended to use Caffeine cache in production.You can switch to using Caffeine cache, by adding it and org.springframework.cache.caffeine.CaffeineCacheManager to the classpath.
2026-03-30T13:14:41.413Z  INFO [AUTH-SERVICE,traceId=,spanId=] 1 --- [AUTH-SERVICE] [main] [                                                 ] o.s.c.n.eureka.InstanceInfoFactory       : Setting initial instance status as: STARTING
2026-03-30T13:14:41.729Z  INFO [AUTH-SERVICE,traceId=,spanId=] 1 --- [AUTH-SERVICE] [main] [                                                 ] com.netflix.discovery.DiscoveryClient    : Initializing Eureka in region us-east-1
2026-03-30T13:14:41.772Z  INFO [AUTH-SERVICE,traceId=,spanId=] 1 --- [AUTH-SERVICE] [main] [                                                 ] c.n.d.s.r.aws.ConfigClusterResolver      : Resolving eureka endpoints via configuration
2026-03-30T13:14:41.843Z  INFO [AUTH-SERVICE,traceId=,spanId=] 1 --- [AUTH-SERVICE] [main] [                                                 ] com.netflix.discovery.DiscoveryClient    : Disable delta property : false
2026-03-30T13:14:41.844Z  INFO [AUTH-SERVICE,traceId=,spanId=] 1 --- [AUTH-SERVICE] [main] [                                                 ] com.netflix.discovery.DiscoveryClient    : Single vip registry refresh property : null
2026-03-30T13:14:41.846Z  INFO [AUTH-SERVICE,traceId=,spanId=] 1 --- [AUTH-SERVICE] [main] [                                                 ] com.netflix.discovery.DiscoveryClient    : Force full registry fetch : false
2026-03-30T13:14:41.846Z  INFO [AUTH-SERVICE,traceId=,spanId=] 1 --- [AUTH-SERVICE] [main] [                                                 ] com.netflix.discovery.DiscoveryClient    : Application is null : false
2026-03-30T13:14:41.847Z  INFO [AUTH-SERVICE,traceId=,spanId=] 1 --- [AUTH-SERVICE] [main] [                                                 ] com.netflix.discovery.DiscoveryClient    : Registered Applications size is zero : true
2026-03-30T13:14:41.847Z  INFO [AUTH-SERVICE,traceId=,spanId=] 1 --- [AUTH-SERVICE] [main] [                                                 ] com.netflix.discovery.DiscoveryClient    : Application version is -1: true
2026-03-30T13:14:41.851Z  INFO [AUTH-SERVICE,traceId=,spanId=] 1 --- [AUTH-SERVICE] [main] [                                                 ] com.netflix.discovery.DiscoveryClient    : Getting all instance registry info from the eureka server
2026-03-30T13:14:44.898Z  INFO [AUTH-SERVICE,traceId=,spanId=] 1 --- [AUTH-SERVICE] [main] [                                                 ] com.netflix.discovery.DiscoveryClient    : The response status is 200
2026-03-30T13:14:44.915Z  INFO [AUTH-SERVICE,traceId=,spanId=] 1 --- [AUTH-SERVICE] [main] [                                                 ] com.netflix.discovery.DiscoveryClient    : Starting heartbeat executor: renew interval is: 30
2026-03-30T13:14:44.929Z  INFO [AUTH-SERVICE,traceId=,spanId=] 1 --- [AUTH-SERVICE] [main] [                                                 ] c.n.discovery.InstanceInfoReplicator     : InstanceInfoReplicator onDemand update allowed rate per min is 4
2026-03-30T13:14:44.947Z  INFO [AUTH-SERVICE,traceId=,spanId=] 1 --- [AUTH-SERVICE] [main] [                                                 ] com.netflix.discovery.DiscoveryClient    : Discovery Client initialized at timestamp 1774876484945 with initial instances count: 1
2026-03-30T13:14:44.986Z  INFO [AUTH-SERVICE,traceId=,spanId=] 1 --- [AUTH-SERVICE] [main] [                                                 ] o.s.c.n.e.s.EurekaServiceRegistry        : Registering application AUTH-SERVICE with eureka with status UP
2026-03-30T13:14:44.993Z  INFO [AUTH-SERVICE,traceId=,spanId=] 1 --- [AUTH-SERVICE] [main] [                                                 ] com.netflix.discovery.DiscoveryClient    : Saw local status change event StatusChangeEvent [timestamp=1774876484993, current=UP, previous=STARTING]
2026-03-30T13:14:45.007Z  INFO [AUTH-SERVICE,traceId=,spanId=] 1 --- [AUTH-SERVICE] [DiscoveryClient-InstanceInfoReplicator-%d] [                                                 ] com.netflix.discovery.DiscoveryClient    : DiscoveryClient_AUTH-SERVICE/985b9b6e3e7a:AUTH-SERVICE:8081: registering service...
2026-03-30T13:14:45.294Z  INFO [AUTH-SERVICE,traceId=,spanId=] 1 --- [AUTH-SERVICE] [main] [                                                 ] o.s.b.w.embedded.tomcat.TomcatWebServer  : Tomcat started on port 8081 (http) with context path '/'
2026-03-30T13:14:45.320Z  INFO [AUTH-SERVICE,traceId=,spanId=] 1 --- [AUTH-SERVICE] [main] [                                                 ] .s.c.n.e.s.EurekaAutoServiceRegistration : Updating port to 8081
2026-03-30T13:14:45.607Z  INFO [AUTH-SERVICE,traceId=,spanId=] 1 --- [AUTH-SERVICE] [main] [                                                 ] in.cg.main.AuthServiceApplication        : Started AuthServiceApplication in 209.611 seconds (process running for 252.424)
2026-03-30T13:14:45.789Z  INFO [AUTH-SERVICE,traceId=,spanId=] 1 --- [AUTH-SERVICE] [DiscoveryClient-InstanceInfoReplicator-%d] [                                                 ] com.netflix.discovery.DiscoveryClient    : DiscoveryClient_AUTH-SERVICE/985b9b6e3e7a:AUTH-SERVICE:8081 - registration status: 204
2026-03-30T13:17:17.356Z  INFO [AUTH-SERVICE,traceId=,spanId=] 1 --- [AUTH-SERVICE] [SpringApplicationShutdownHook] [                                                 ] o.s.c.n.e.s.EurekaServiceRegistry        : Unregistering application AUTH-SERVICE with eureka with status DOWN
2026-03-30T13:17:17.393Z  INFO [AUTH-SERVICE,traceId=,spanId=] 1 --- [AUTH-SERVICE] [SpringApplicationShutdownHook] [                                                 ] com.netflix.discovery.DiscoveryClient    : Saw local status change event StatusChangeEvent [timestamp=1774876637393, current=DOWN, previous=UP]
2026-03-30T13:17:17.397Z  INFO [AUTH-SERVICE,traceId=,spanId=] 1 --- [AUTH-SERVICE] [DiscoveryClient-InstanceInfoReplicator-%d] [                                                 ] com.netflix.discovery.DiscoveryClient    : DiscoveryClient_AUTH-SERVICE/985b9b6e3e7a:AUTH-SERVICE:8081: registering service...
2026-03-30T13:17:17.577Z  INFO [AUTH-SERVICE,traceId=,spanId=] 1 --- [AUTH-SERVICE] [DiscoveryClient-InstanceInfoReplicator-%d] [                                                 ] com.netflix.discovery.DiscoveryClient    : DiscoveryClient_AUTH-SERVICE/985b9b6e3e7a:AUTH-SERVICE:8081 - registration status: 204
2026-03-30T13:17:18.093Z  INFO [AUTH-SERVICE,traceId=,spanId=] 1 --- [AUTH-SERVICE] [SpringApplicationShutdownHook] [                                                 ] j.LocalContainerEntityManagerFactoryBean : Closing JPA EntityManagerFactory for persistence unit 'default'
2026-03-30T13:17:18.285Z  INFO [AUTH-SERVICE,traceId=,spanId=] 1 --- [AUTH-SERVICE] [SpringApplicationShutdownHook] [                                                 ] com.zaxxer.hikari.HikariDataSource       : HikariPool-1 - Shutdown initiated...
2026-03-30T17:53:33.561Z  INFO [AUTH-SERVICE,traceId=,spanId=] 1 --- [AUTH-SERVICE] [main] [                                                 ] in.cg.main.AuthServiceApplication        : Starting AuthServiceApplication v1.0 using Java 21.0.10 with PID 1 (/app/app.jar started by root in /app)
2026-03-30T17:53:33.682Z  INFO [AUTH-SERVICE,traceId=,spanId=] 1 --- [AUTH-SERVICE] [main] [                                                 ] in.cg.main.AuthServiceApplication        : No active profile set, falling back to 1 default profile: "default"
2026-03-30T17:54:38.978Z  INFO [AUTH-SERVICE,traceId=,spanId=] 1 --- [AUTH-SERVICE] [main] [                                                 ] .s.d.r.c.RepositoryConfigurationDelegate : Bootstrapping Spring Data JPA repositories in DEFAULT mode.
2026-03-30T17:54:41.235Z  INFO [AUTH-SERVICE,traceId=,spanId=] 1 --- [AUTH-SERVICE] [main] [                                                 ] .s.d.r.c.RepositoryConfigurationDelegate : Finished Spring Data repository scanning in 2050 ms. Found 2 JPA repository interfaces.
2026-03-30T17:54:47.211Z  INFO [AUTH-SERVICE,traceId=,spanId=] 1 --- [AUTH-SERVICE] [main] [                                                 ] o.s.cloud.context.scope.GenericScope     : BeanFactory id=96da36e7-86c8-30e0-a7fe-2507eb0b0292
2026-03-30T17:54:55.165Z  WARN [AUTH-SERVICE,traceId=,spanId=] 1 --- [AUTH-SERVICE] [main] [                                                 ] trationDelegate$BeanPostProcessorChecker : Bean 'org.springframework.cloud.client.loadbalancer.LoadBalancerAutoConfiguration$DeferringLoadBalancerInterceptorConfig' of type [org.springframework.cloud.client.loadbalancer.LoadBalancerAutoConfiguration$DeferringLoadBalancerInterceptorConfig] is not eligible for getting processed by all BeanPostProcessors (for example: not eligible for auto-proxying). The currently created BeanPostProcessor [lbRestClientPostProcessor] is declared through a non-static factory method on that class; consider declaring it as static instead.
2026-03-30T17:54:55.253Z  WARN [AUTH-SERVICE,traceId=,spanId=] 1 --- [AUTH-SERVICE] [main] [                                                 ] trationDelegate$BeanPostProcessorChecker : Bean 'deferringLoadBalancerInterceptor' of type [org.springframework.cloud.client.loadbalancer.DeferringLoadBalancerInterceptor] is not eligible for getting processed by all BeanPostProcessors (for example: not eligible for auto-proxying). Is this bean getting eagerly injected/applied to a currently created BeanPostProcessor [lbRestClientPostProcessor]? Check the corresponding BeanPostProcessor declaration and its dependencies/advisors. If this bean does not have to be post-processed, declare it with ROLE_INFRASTRUCTURE.
2026-03-30T17:54:57.944Z  INFO [AUTH-SERVICE,traceId=,spanId=] 1 --- [AUTH-SERVICE] [main] [                                                 ] o.s.b.w.embedded.tomcat.TomcatWebServer  : Tomcat initialized with port 8081 (http)
2026-03-30T17:54:58.165Z  INFO [AUTH-SERVICE,traceId=,spanId=] 1 --- [AUTH-SERVICE] [main] [                                                 ] o.apache.catalina.core.StandardService   : Starting service [Tomcat]
2026-03-30T17:54:58.181Z  INFO [AUTH-SERVICE,traceId=,spanId=] 1 --- [AUTH-SERVICE] [main] [                                                 ] o.apache.catalina.core.StandardEngine    : Starting Servlet engine: [Apache Tomcat/10.1.31]
2026-03-30T17:54:58.529Z  INFO [AUTH-SERVICE,traceId=,spanId=] 1 --- [AUTH-SERVICE] [main] [                                                 ] o.a.c.c.C.[Tomcat].[localhost].[/]       : Initializing Spring embedded WebApplicationContext
2026-03-30T17:54:58.540Z  INFO [AUTH-SERVICE,traceId=,spanId=] 1 --- [AUTH-SERVICE] [main] [                                                 ] w.s.c.ServletWebServerApplicationContext : Root WebApplicationContext: initialization completed in 78929 ms
2026-03-30T17:55:07.967Z  INFO [AUTH-SERVICE,traceId=,spanId=] 1 --- [AUTH-SERVICE] [main] [                                                 ] o.hibernate.jpa.internal.util.LogHelper  : HHH000204: Processing PersistenceUnitInfo [name: default]
2026-03-30T17:55:09.226Z  INFO [AUTH-SERVICE,traceId=,spanId=] 1 --- [AUTH-SERVICE] [main] [                                                 ] org.hibernate.Version                    : HHH000412: Hibernate ORM core version 6.5.3.Final
2026-03-30T17:55:09.591Z  INFO [AUTH-SERVICE,traceId=,spanId=] 1 --- [AUTH-SERVICE] [main] [                                                 ] o.h.c.internal.RegionFactoryInitiator    : HHH000026: Second-level cache disabled
2026-03-30T17:55:14.586Z  INFO [AUTH-SERVICE,traceId=,spanId=] 1 --- [AUTH-SERVICE] [main] [                                                 ] o.s.o.j.p.SpringPersistenceUnitInfo      : No LoadTimeWeaver setup: ignoring JPA class transformer
2026-03-30T17:55:14.937Z  INFO [AUTH-SERVICE,traceId=,spanId=] 1 --- [AUTH-SERVICE] [main] [                                                 ] com.zaxxer.hikari.HikariDataSource       : HikariPool-1 - Starting...
2026-03-30T17:55:19.040Z  INFO [AUTH-SERVICE,traceId=,spanId=] 1 --- [AUTH-SERVICE] [main] [                                                 ] com.zaxxer.hikari.pool.HikariPool        : HikariPool-1 - Added connection com.mysql.cj.jdbc.ConnectionImpl@7995a589
2026-03-30T17:55:19.065Z  INFO [AUTH-SERVICE,traceId=,spanId=] 1 --- [AUTH-SERVICE] [main] [                                                 ] com.zaxxer.hikari.HikariDataSource       : HikariPool-1 - Start completed.
2026-03-30T17:55:34.817Z  INFO [AUTH-SERVICE,traceId=,spanId=] 1 --- [AUTH-SERVICE] [main] [                                                 ] o.h.e.t.j.p.i.JtaPlatformInitiator       : HHH000489: No JTA platform available (set 'hibernate.transaction.jta.platform' to enable JTA platform integration)
2026-03-30T17:55:36.142Z  INFO [AUTH-SERVICE,traceId=,spanId=] 1 --- [AUTH-SERVICE] [main] [                                                 ] j.LocalContainerEntityManagerFactoryBean : Initialized JPA EntityManagerFactory for persistence unit 'default'
2026-03-30T17:55:43.443Z  INFO [AUTH-SERVICE,traceId=,spanId=] 1 --- [AUTH-SERVICE] [main] [                                                 ] eAuthenticationProviderManagerConfigurer : Global AuthenticationManager configured with AuthenticationProvider bean with name authenticationProvider
2026-03-30T17:55:43.462Z  WARN [AUTH-SERVICE,traceId=,spanId=] 1 --- [AUTH-SERVICE] [main] [                                                 ] r$InitializeUserDetailsManagerConfigurer : Global AuthenticationManager configured with an AuthenticationProvider bean. UserDetailsService beans will not be used for username/password login. Consider removing the AuthenticationProvider bean. Alternatively, consider using the UserDetailsService in a manually instantiated DaoAuthenticationProvider.
2026-03-30T17:55:45.820Z  WARN [AUTH-SERVICE,traceId=,spanId=] 1 --- [AUTH-SERVICE] [main] [                                                 ] JpaBaseConfiguration$JpaWebConfiguration : spring.jpa.open-in-view is enabled by default. Therefore, database queries may be performed during view rendering. Explicitly configure spring.jpa.open-in-view to disable this warning
2026-03-30T17:55:51.769Z  INFO [AUTH-SERVICE,traceId=,spanId=] 1 --- [AUTH-SERVICE] [main] [                                                 ] o.s.b.a.e.web.EndpointLinksResolver      : Exposing 1 endpoint beneath base path '/actuator'
2026-03-30T17:55:59.842Z  INFO [AUTH-SERVICE,traceId=,spanId=] 1 --- [AUTH-SERVICE] [main] [                                                 ] DiscoveryClientOptionalArgsConfiguration : Eureka HTTP Client uses RestTemplate.
2026-03-30T17:56:01.728Z  WARN [AUTH-SERVICE,traceId=,spanId=] 1 --- [AUTH-SERVICE] [main] [                                                 ] iguration$LoadBalancerCaffeineWarnLogger : Spring Cloud LoadBalancer is currently working with the default cache. While this cache implementation is useful for development and tests, it's recommended to use Caffeine cache in production.You can switch to using Caffeine cache, by adding it and org.springframework.cache.caffeine.CaffeineCacheManager to the classpath.
2026-03-30T17:56:03.876Z  INFO [AUTH-SERVICE,traceId=,spanId=] 1 --- [AUTH-SERVICE] [main] [                                                 ] o.s.c.n.eureka.InstanceInfoFactory       : Setting initial instance status as: STARTING
2026-03-30T17:56:04.152Z  INFO [AUTH-SERVICE,traceId=,spanId=] 1 --- [AUTH-SERVICE] [main] [                                                 ] com.netflix.discovery.DiscoveryClient    : Initializing Eureka in region us-east-1
2026-03-30T17:56:04.235Z  INFO [AUTH-SERVICE,traceId=,spanId=] 1 --- [AUTH-SERVICE] [main] [                                                 ] c.n.d.s.r.aws.ConfigClusterResolver      : Resolving eureka endpoints via configuration
2026-03-30T17:56:04.475Z  INFO [AUTH-SERVICE,traceId=,spanId=] 1 --- [AUTH-SERVICE] [main] [                                                 ] com.netflix.discovery.DiscoveryClient    : Disable delta property : false
2026-03-30T17:56:04.476Z  INFO [AUTH-SERVICE,traceId=,spanId=] 1 --- [AUTH-SERVICE] [main] [                                                 ] com.netflix.discovery.DiscoveryClient    : Single vip registry refresh property : null
2026-03-30T17:56:04.477Z  INFO [AUTH-SERVICE,traceId=,spanId=] 1 --- [AUTH-SERVICE] [main] [                                                 ] com.netflix.discovery.DiscoveryClient    : Force full registry fetch : false
2026-03-30T17:56:04.486Z  INFO [AUTH-SERVICE,traceId=,spanId=] 1 --- [AUTH-SERVICE] [main] [                                                 ] com.netflix.discovery.DiscoveryClient    : Application is null : false
2026-03-30T17:56:04.490Z  INFO [AUTH-SERVICE,traceId=,spanId=] 1 --- [AUTH-SERVICE] [main] [                                                 ] com.netflix.discovery.DiscoveryClient    : Registered Applications size is zero : true
2026-03-30T17:56:04.492Z  INFO [AUTH-SERVICE,traceId=,spanId=] 1 --- [AUTH-SERVICE] [main] [                                                 ] com.netflix.discovery.DiscoveryClient    : Application version is -1: true
2026-03-30T17:56:04.493Z  INFO [AUTH-SERVICE,traceId=,spanId=] 1 --- [AUTH-SERVICE] [main] [                                                 ] com.netflix.discovery.DiscoveryClient    : Getting all instance registry info from the eureka server
2026-03-30T17:56:08.501Z  INFO [AUTH-SERVICE,traceId=,spanId=] 1 --- [AUTH-SERVICE] [main] [                                                 ] com.netflix.discovery.DiscoveryClient    : The response status is 200
2026-03-30T17:56:08.520Z  INFO [AUTH-SERVICE,traceId=,spanId=] 1 --- [AUTH-SERVICE] [main] [                                                 ] com.netflix.discovery.DiscoveryClient    : Starting heartbeat executor: renew interval is: 30
2026-03-30T17:56:08.543Z  INFO [AUTH-SERVICE,traceId=,spanId=] 1 --- [AUTH-SERVICE] [main] [                                                 ] c.n.discovery.InstanceInfoReplicator     : InstanceInfoReplicator onDemand update allowed rate per min is 4
2026-03-30T17:56:08.567Z  INFO [AUTH-SERVICE,traceId=,spanId=] 1 --- [AUTH-SERVICE] [main] [                                                 ] com.netflix.discovery.DiscoveryClient    : Discovery Client initialized at timestamp 1774893368552 with initial instances count: 1
2026-03-30T17:56:08.636Z  INFO [AUTH-SERVICE,traceId=,spanId=] 1 --- [AUTH-SERVICE] [main] [                                                 ] o.s.c.n.e.s.EurekaServiceRegistry        : Registering application AUTH-SERVICE with eureka with status UP
2026-03-30T17:56:08.641Z  INFO [AUTH-SERVICE,traceId=,spanId=] 1 --- [AUTH-SERVICE] [main] [                                                 ] com.netflix.discovery.DiscoveryClient    : Saw local status change event StatusChangeEvent [timestamp=1774893368641, current=UP, previous=STARTING]
2026-03-30T17:56:08.666Z  INFO [AUTH-SERVICE,traceId=,spanId=] 1 --- [AUTH-SERVICE] [DiscoveryClient-InstanceInfoReplicator-%d] [                                                 ] com.netflix.discovery.DiscoveryClient    : DiscoveryClient_AUTH-SERVICE/519ae0bfd07f:AUTH-SERVICE:8081: registering service...
2026-03-30T17:56:09.080Z  INFO [AUTH-SERVICE,traceId=,spanId=] 1 --- [AUTH-SERVICE] [main] [                                                 ] o.s.b.w.embedded.tomcat.TomcatWebServer  : Tomcat started on port 8081 (http) with context path '/'
2026-03-30T17:56:09.133Z  INFO [AUTH-SERVICE,traceId=,spanId=] 1 --- [AUTH-SERVICE] [main] [                                                 ] .s.c.n.e.s.EurekaAutoServiceRegistration : Updating port to 8081
2026-03-30T17:56:09.427Z  INFO [AUTH-SERVICE,traceId=,spanId=] 1 --- [AUTH-SERVICE] [main] [                                                 ] in.cg.main.AuthServiceApplication        : Started AuthServiceApplication in 175.008 seconds (process running for 216.573)
2026-03-30T17:56:09.500Z  INFO [AUTH-SERVICE,traceId=,spanId=] 1 --- [AUTH-SERVICE] [DiscoveryClient-InstanceInfoReplicator-%d] [                                                 ] com.netflix.discovery.DiscoveryClient    : DiscoveryClient_AUTH-SERVICE/519ae0bfd07f:AUTH-SERVICE:8081 - registration status: 204
2026-03-30T17:57:22.691Z  INFO [AUTH-SERVICE,traceId=,spanId=] 1 --- [AUTH-SERVICE] [http-nio-8081-exec-1] [                                                 ] o.a.c.c.C.[Tomcat].[localhost].[/]       : Initializing Spring DispatcherServlet 'dispatcherServlet'
2026-03-30T17:57:22.694Z  INFO [AUTH-SERVICE,traceId=,spanId=] 1 --- [AUTH-SERVICE] [http-nio-8081-exec-1] [                                                 ] o.s.web.servlet.DispatcherServlet        : Initializing Servlet 'dispatcherServlet'
2026-03-30T17:57:22.722Z  INFO [AUTH-SERVICE,traceId=,spanId=] 1 --- [AUTH-SERVICE] [http-nio-8081-exec-1] [                                                 ] o.s.web.servlet.DispatcherServlet        : Completed initialization in 26 ms
2026-03-30T17:57:23.925Z  INFO [AUTH-SERVICE,traceId=69cab9821c3ecdb59f6fe5157e3bc008,spanId=55dc15b9a7956322] 1 --- [AUTH-SERVICE] [http-nio-8081-exec-1] [69cab9821c3ecdb59f6fe5157e3bc008-55dc15b9a7956322] o.springdoc.api.AbstractOpenApiResource  : Init duration for springdoc-openapi is: 936 ms
2026-03-30T17:59:18.837Z  INFO [AUTH-SERVICE,traceId=69cab9f5f8b2614095dcff53244a414b,spanId=ea31bc5582eaac72] 1 --- [AUTH-SERVICE] [http-nio-8081-exec-5] [69cab9f5f8b2614095dcff53244a414b-ea31bc5582eaac72] in.cg.main.service.EmailService          : Registration email skipped because mail is disabled for singhraghav78444@gmail.com
2026-03-30T18:00:41.434Z  INFO [AUTH-SERVICE,traceId=,spanId=] 1 --- [AUTH-SERVICE] [AsyncResolver-bootstrap-executor-%d] [                                                 ] c.n.d.s.r.aws.ConfigClusterResolver      : Resolving eureka endpoints via configuration
2026-03-30T18:05:18.368Z  INFO [AUTH-SERVICE,traceId=,spanId=] 1 --- [AUTH-SERVICE] [AsyncResolver-bootstrap-executor-%d] [                                                 ] c.n.d.s.r.aws.ConfigClusterResolver      : Resolving eureka endpoints via configuration
2026-03-30T18:09:55.285Z  INFO [AUTH-SERVICE,traceId=,spanId=] 1 --- [AUTH-SERVICE] [AsyncResolver-bootstrap-executor-%d] [                                                 ] c.n.d.s.r.aws.ConfigClusterResolver      : Resolving eureka endpoints via configuration
2026-03-30T18:14:32.224Z  INFO [AUTH-SERVICE,traceId=,spanId=] 1 --- [AUTH-SERVICE] [AsyncResolver-bootstrap-executor-%d] [                                                 ] c.n.d.s.r.aws.ConfigClusterResolver      : Resolving eureka endpoints via configuration
2026-03-30T18:19:09.181Z  INFO [AUTH-SERVICE,traceId=,spanId=] 1 --- [AUTH-SERVICE] [AsyncResolver-bootstrap-executor-%d] [                                                 ] c.n.d.s.r.aws.ConfigClusterResolver      : Resolving eureka endpoints via configuration
2026-03-30T18:23:46.130Z  INFO [AUTH-SERVICE,traceId=,spanId=] 1 --- [AUTH-SERVICE] [AsyncResolver-bootstrap-executor-%d] [                                                 ] c.n.d.s.r.aws.ConfigClusterResolver      : Resolving eureka endpoints via configuration
2026-03-30T18:28:23.057Z  INFO [AUTH-SERVICE,traceId=,spanId=] 1 --- [AUTH-SERVICE] [AsyncResolver-bootstrap-executor-%d] [                                                 ] c.n.d.s.r.aws.ConfigClusterResolver      : Resolving eureka endpoints via configuration
2026-03-30T18:32:59.926Z  INFO [AUTH-SERVICE,traceId=,spanId=] 1 --- [AUTH-SERVICE] [AsyncResolver-bootstrap-executor-%d] [                                                 ] c.n.d.s.r.aws.ConfigClusterResolver      : Resolving eureka endpoints via configuration
2026-03-30T18:37:42.858Z  INFO [AUTH-SERVICE,traceId=,spanId=] 1 --- [AUTH-SERVICE] [AsyncResolver-bootstrap-executor-%d] [                                                 ] c.n.d.s.r.aws.ConfigClusterResolver      : Resolving eureka endpoints via configuration
2026-03-30T18:42:19.811Z  INFO [AUTH-SERVICE,traceId=,spanId=] 1 --- [AUTH-SERVICE] [AsyncResolver-bootstrap-executor-%d] [                                                 ] c.n.d.s.r.aws.ConfigClusterResolver      : Resolving eureka endpoints via configuration
2026-03-30T18:46:56.796Z  INFO [AUTH-SERVICE,traceId=,spanId=] 1 --- [AUTH-SERVICE] [AsyncResolver-bootstrap-executor-%d] [                                                 ] c.n.d.s.r.aws.ConfigClusterResolver      : Resolving eureka endpoints via configuration
2026-03-30T18:52:58.330Z  INFO [AUTH-SERVICE,traceId=,spanId=] 1 --- [AUTH-SERVICE] [main] [                                                 ] in.cg.main.AuthServiceApplication        : Starting AuthServiceApplication v1.0 using Java 21.0.10 with PID 1 (/app/app.jar started by root in /app)
2026-03-30T18:52:58.506Z  INFO [AUTH-SERVICE,traceId=,spanId=] 1 --- [AUTH-SERVICE] [main] [                                                 ] in.cg.main.AuthServiceApplication        : No active profile set, falling back to 1 default profile: "default"
2026-03-30T18:53:59.661Z  INFO [AUTH-SERVICE,traceId=,spanId=] 1 --- [AUTH-SERVICE] [main] [                                                 ] .s.d.r.c.RepositoryConfigurationDelegate : Bootstrapping Spring Data JPA repositories in DEFAULT mode.
2026-03-30T18:54:02.217Z  INFO [AUTH-SERVICE,traceId=,spanId=] 1 --- [AUTH-SERVICE] [main] [                                                 ] .s.d.r.c.RepositoryConfigurationDelegate : Finished Spring Data repository scanning in 2406 ms. Found 2 JPA repository interfaces.
2026-03-30T18:54:10.008Z  INFO [AUTH-SERVICE,traceId=,spanId=] 1 --- [AUTH-SERVICE] [main] [                                                 ] o.s.cloud.context.scope.GenericScope     : BeanFactory id=48e95c98-86d9-3672-aea6-088c7741e706
2026-03-30T18:54:32.072Z  WARN [AUTH-SERVICE,traceId=,spanId=] 1 --- [AUTH-SERVICE] [main] [                                                 ] trationDelegate$BeanPostProcessorChecker : Bean 'org.springframework.cloud.client.loadbalancer.LoadBalancerAutoConfiguration$DeferringLoadBalancerInterceptorConfig' of type [org.springframework.cloud.client.loadbalancer.LoadBalancerAutoConfiguration$DeferringLoadBalancerInterceptorConfig] is not eligible for getting processed by all BeanPostProcessors (for example: not eligible for auto-proxying). The currently created BeanPostProcessor [lbRestClientPostProcessor] is declared through a non-static factory method on that class; consider declaring it as static instead.
2026-03-30T18:54:32.183Z  WARN [AUTH-SERVICE,traceId=,spanId=] 1 --- [AUTH-SERVICE] [main] [                                                 ] trationDelegate$BeanPostProcessorChecker : Bean 'deferringLoadBalancerInterceptor' of type [org.springframework.cloud.client.loadbalancer.DeferringLoadBalancerInterceptor] is not eligible for getting processed by all BeanPostProcessors (for example: not eligible for auto-proxying). Is this bean getting eagerly injected/applied to a currently created BeanPostProcessor [lbRestClientPostProcessor]? Check the corresponding BeanPostProcessor declaration and its dependencies/advisors. If this bean does not have to be post-processed, declare it with ROLE_INFRASTRUCTURE.
2026-03-30T18:54:44.657Z  INFO [AUTH-SERVICE,traceId=,spanId=] 1 --- [AUTH-SERVICE] [main] [                                                 ] o.s.b.w.embedded.tomcat.TomcatWebServer  : Tomcat initialized with port 8081 (http)
2026-03-30T18:54:45.275Z  INFO [AUTH-SERVICE,traceId=,spanId=] 1 --- [AUTH-SERVICE] [main] [                                                 ] o.apache.catalina.core.StandardService   : Starting service [Tomcat]
2026-03-30T18:54:45.312Z  INFO [AUTH-SERVICE,traceId=,spanId=] 1 --- [AUTH-SERVICE] [main] [                                                 ] o.apache.catalina.core.StandardEngine    : Starting Servlet engine: [Apache Tomcat/10.1.31]
2026-03-30T18:54:46.298Z  INFO [AUTH-SERVICE,traceId=,spanId=] 1 --- [AUTH-SERVICE] [main] [                                                 ] o.a.c.c.C.[Tomcat].[localhost].[/]       : Initializing Spring embedded WebApplicationContext
2026-03-30T18:54:46.360Z  INFO [AUTH-SERVICE,traceId=,spanId=] 1 --- [AUTH-SERVICE] [main] [                                                 ] w.s.c.ServletWebServerApplicationContext : Root WebApplicationContext: initialization completed in 106144 ms
2026-03-30T18:55:10.934Z  INFO [AUTH-SERVICE,traceId=,spanId=] 1 --- [AUTH-SERVICE] [main] [                                                 ] o.hibernate.jpa.internal.util.LogHelper  : HHH000204: Processing PersistenceUnitInfo [name: default]
2026-03-30T18:55:12.442Z  INFO [AUTH-SERVICE,traceId=,spanId=] 1 --- [AUTH-SERVICE] [main] [                                                 ] org.hibernate.Version                    : HHH000412: Hibernate ORM core version 6.5.3.Final
2026-03-30T18:55:13.229Z  INFO [AUTH-SERVICE,traceId=,spanId=] 1 --- [AUTH-SERVICE] [main] [                                                 ] o.h.c.internal.RegionFactoryInitiator    : HHH000026: Second-level cache disabled
2026-03-30T18:55:21.817Z  INFO [AUTH-SERVICE,traceId=,spanId=] 1 --- [AUTH-SERVICE] [main] [                                                 ] o.s.o.j.p.SpringPersistenceUnitInfo      : No LoadTimeWeaver setup: ignoring JPA class transformer
2026-03-30T18:55:22.314Z  INFO [AUTH-SERVICE,traceId=,spanId=] 1 --- [AUTH-SERVICE] [main] [                                                 ] com.zaxxer.hikari.HikariDataSource       : HikariPool-1 - Starting...
2026-03-30T18:55:27.872Z  INFO [AUTH-SERVICE,traceId=,spanId=] 1 --- [AUTH-SERVICE] [main] [                                                 ] com.zaxxer.hikari.pool.HikariPool        : HikariPool-1 - Added connection com.mysql.cj.jdbc.ConnectionImpl@5cb6b81b
2026-03-30T18:55:27.892Z  INFO [AUTH-SERVICE,traceId=,spanId=] 1 --- [AUTH-SERVICE] [main] [                                                 ] com.zaxxer.hikari.HikariDataSource       : HikariPool-1 - Start completed.
2026-03-30T18:55:47.664Z  INFO [AUTH-SERVICE,traceId=,spanId=] 1 --- [AUTH-SERVICE] [main] [                                                 ] o.h.e.t.j.p.i.JtaPlatformInitiator       : HHH000489: No JTA platform available (set 'hibernate.transaction.jta.platform' to enable JTA platform integration)
2026-03-30T18:55:48.158Z  INFO [AUTH-SERVICE,traceId=,spanId=] 1 --- [AUTH-SERVICE] [main] [                                                 ] j.LocalContainerEntityManagerFactoryBean : Initialized JPA EntityManagerFactory for persistence unit 'default'
