[INFO] Scanning for projects...
[INFO] 
[INFO] --------------------------< in.cg:ApiGateway >--------------------------
[INFO] Building ApiGateway 0.0.1-SNAPSHOT
[INFO]   from pom.xml
[INFO] --------------------------------[ jar ]---------------------------------
[INFO] 
[INFO] >>> spring-boot:3.2.5:run (default-cli) > test-compile @ ApiGateway >>>
[INFO] 
[INFO] --- resources:3.3.1:resources (default-resources) @ ApiGateway ---
[INFO] Copying 1 resource from src\main\resources to target\classes
[INFO] Copying 0 resource from src\main\resources to target\classes
[INFO] 
[INFO] --- compiler:3.11.0:compile (default-compile) @ ApiGateway ---
[INFO] Nothing to compile - all classes are up to date
[INFO] 
[INFO] --- resources:3.3.1:testResources (default-testResources) @ ApiGateway ---
[INFO] skip non existing resourceDirectory D:\Sprint_Capgemini\ApiGateway\src\test\resources
[INFO] 
[INFO] --- compiler:3.11.0:testCompile (default-testCompile) @ ApiGateway ---
[INFO] Nothing to compile - all classes are up to date
[INFO] 
[INFO] <<< spring-boot:3.2.5:run (default-cli) < test-compile @ ApiGateway <<<
[INFO] 
[INFO] 
[INFO] --- spring-boot:3.2.5:run (default-cli) @ ApiGateway ---
[INFO] Attaching agents: []

  .   ____          _            __ _ _
 /\\ / ___'_ __ _ _(_)_ __  __ _ \ \ \ \
( ( )\___ | '_ | '_| | '_ \/ _` | \ \ \ \
 \\/  ___)| |_)| | | | | || (_| |  ) ) ) )
  '  |____| .__|_| |_|_| |_\__, | / / / /
 =========|_|==============|___/=/_/_/_/
 :: Spring Boot ::                (v3.2.5)

2026-03-26T22:07:37.562+05:30  INFO 19176 --- [API-GATEWAY] [  restartedMain] in.cg.main.ApiGatewayApplication         : Starting ApiGatewayApplication using Java 24.0.2 with PID 19176 (D:\Sprint_Capgemini\ApiGateway\target\classes started by HP in D:\Sprint_Capgemini\ApiGateway)
2026-03-26T22:07:37.566+05:30  INFO 19176 --- [API-GATEWAY] [  restartedMain] in.cg.main.ApiGatewayApplication         : No active profile set, falling back to 1 default profile: "default"
2026-03-26T22:07:37.654+05:30  INFO 19176 --- [API-GATEWAY] [  restartedMain] .e.DevToolsPropertyDefaultsPostProcessor : Devtools property defaults active! Set 'spring.devtools.add-properties' to 'false' to disable
2026-03-26T22:07:37.654+05:30  INFO 19176 --- [API-GATEWAY] [  restartedMain] .e.DevToolsPropertyDefaultsPostProcessor : For additional web related logging consider setting the 'logging.level.web' property to 'DEBUG'
^C