2026-03-30T12:50:50.066Z  INFO [ADMIN-SERVICE,traceId=,spanId=] 1 --- [ADMIN-SERVICE] [main] [                                                 ] in.cg.main.AdminServiceApplication       : Starting AdminServiceApplication v0.0.1-SNAPSHOT using Java 21.0.10 with PID 1 (/app/app.jar started by root in /app)
2026-03-30T12:50:50.819Z  INFO [ADMIN-SERVICE,traceId=,spanId=] 1 --- [ADMIN-SERVICE] [main] [                                                 ] in.cg.main.AdminServiceApplication       : No active profile set, falling back to 1 default profile: "default"
2026-03-30T12:51:42.496Z  INFO [ADMIN-SERVICE,traceId=,spanId=] 1 --- [ADMIN-SERVICE] [main] [                                                 ] .s.d.r.c.RepositoryConfigurationDelegate : Bootstrapping Spring Data JPA repositories in DEFAULT mode.
2026-03-30T12:51:44.386Z  INFO [ADMIN-SERVICE,traceId=,spanId=] 1 --- [ADMIN-SERVICE] [main] [                                                 ] .s.d.r.c.RepositoryConfigurationDelegate : Finished Spring Data repository scanning in 1692 ms. Found 4 JPA repository interfaces.
2026-03-30T12:51:48.039Z  INFO [ADMIN-SERVICE,traceId=,spanId=] 1 --- [ADMIN-SERVICE] [main] [                                                 ] o.s.cloud.context.scope.GenericScope     : BeanFactory id=dfacf1e9-9423-36c2-9f67-4db06da90fc7
2026-03-30T12:51:52.826Z  WARN [ADMIN-SERVICE,traceId=,spanId=] 1 --- [ADMIN-SERVICE] [main] [                                                 ] trationDelegate$BeanPostProcessorChecker : Bean 'org.springframework.cloud.client.loadbalancer.LoadBalancerAutoConfiguration$DeferringLoadBalancerInterceptorConfig' of type [org.springframework.cloud.client.loadbalancer.LoadBalancerAutoConfiguration$DeferringLoadBalancerInterceptorConfig] is not eligible for getting processed by all BeanPostProcessors (for example: not eligible for auto-proxying). The currently created BeanPostProcessor [lbRestClientPostProcessor] is declared through a non-static factory method on that class; consider declaring it as static instead.
2026-03-30T12:51:52.933Z  WARN [ADMIN-SERVICE,traceId=,spanId=] 1 --- [ADMIN-SERVICE] [main] [                                                 ] trationDelegate$BeanPostProcessorChecker : Bean 'deferringLoadBalancerInterceptor' of type [org.springframework.cloud.client.loadbalancer.DeferringLoadBalancerInterceptor] is not eligible for getting processed by all BeanPostProcessors (for example: not eligible for auto-proxying). Is this bean getting eagerly injected into a currently created BeanPostProcessor [lbRestClientPostProcessor]? Check the corresponding BeanPostProcessor declaration and its dependencies.
2026-03-30T12:51:57.557Z  INFO [ADMIN-SERVICE,traceId=,spanId=] 1 --- [ADMIN-SERVICE] [main] [                                                 ] o.s.b.w.embedded.tomcat.TomcatWebServer  : Tomcat initialized with port 8084 (http)
2026-03-30T12:51:57.802Z  INFO [ADMIN-SERVICE,traceId=,spanId=] 1 --- [ADMIN-SERVICE] [main] [                                                 ] o.apache.catalina.core.StandardService   : Starting service [Tomcat]
2026-03-30T12:51:57.834Z  INFO [ADMIN-SERVICE,traceId=,spanId=] 1 --- [ADMIN-SERVICE] [main] [                                                 ] o.apache.catalina.core.StandardEngine    : Starting Servlet engine: [Apache Tomcat/10.1.20]
2026-03-30T12:51:58.351Z  INFO [ADMIN-SERVICE,traceId=,spanId=] 1 --- [ADMIN-SERVICE] [main] [                                                 ] o.a.c.c.C.[Tomcat].[localhost].[/]       : Initializing Spring embedded WebApplicationContext
2026-03-30T12:51:58.366Z  INFO [ADMIN-SERVICE,traceId=,spanId=] 1 --- [ADMIN-SERVICE] [main] [                                                 ] w.s.c.ServletWebServerApplicationContext : Root WebApplicationContext: initialization completed in 65380 ms
2026-03-30T12:52:09.662Z  INFO [ADMIN-SERVICE,traceId=,spanId=] 1 --- [ADMIN-SERVICE] [main] [                                                 ] o.hibernate.jpa.internal.util.LogHelper  : HHH000204: Processing PersistenceUnitInfo [name: default]
2026-03-30T12:52:10.296Z  INFO [ADMIN-SERVICE,traceId=,spanId=] 1 --- [ADMIN-SERVICE] [main] [                                                 ] org.hibernate.Version                    : HHH000412: Hibernate ORM core version 6.4.4.Final
2026-03-30T12:52:10.685Z  INFO [ADMIN-SERVICE,traceId=,spanId=] 1 --- [ADMIN-SERVICE] [main] [                                                 ] o.h.c.internal.RegionFactoryInitiator    : HHH000026: Second-level cache disabled
2026-03-30T12:52:13.616Z  INFO [ADMIN-SERVICE,traceId=,spanId=] 1 --- [ADMIN-SERVICE] [main] [                                                 ] o.s.o.j.p.SpringPersistenceUnitInfo      : No LoadTimeWeaver setup: ignoring JPA class transformer
2026-03-30T12:52:13.791Z  INFO [ADMIN-SERVICE,traceId=,spanId=] 1 --- [ADMIN-SERVICE] [main] [                                                 ] com.zaxxer.hikari.HikariDataSource       : HikariPool-1 - Starting...
2026-03-30T12:52:16.457Z  INFO [ADMIN-SERVICE,traceId=,spanId=] 1 --- [ADMIN-SERVICE] [main] [                                                 ] com.zaxxer.hikari.pool.HikariPool        : HikariPool-1 - Added connection com.mysql.cj.jdbc.ConnectionImpl@278cbf5a
2026-03-30T12:52:16.467Z  INFO [ADMIN-SERVICE,traceId=,spanId=] 1 --- [ADMIN-SERVICE] [main] [                                                 ] com.zaxxer.hikari.HikariDataSource       : HikariPool-1 - Start completed.
2026-03-30T12:52:23.830Z  INFO [ADMIN-SERVICE,traceId=,spanId=] 1 --- [ADMIN-SERVICE] [main] [                                                 ] o.h.e.t.j.p.i.JtaPlatformInitiator       : HHH000489: No JTA platform available (set 'hibernate.transaction.jta.platform' to enable JTA platform integration)
2026-03-30T12:52:24.324Z  INFO [ADMIN-SERVICE,traceId=,spanId=] 1 --- [ADMIN-SERVICE] [main] [                                                 ] j.LocalContainerEntityManagerFactoryBean : Initialized JPA EntityManagerFactory for persistence unit 'default'
2026-03-30T12:52:29.489Z  INFO [ADMIN-SERVICE,traceId=,spanId=] 1 --- [ADMIN-SERVICE] [main] [                                                 ] o.s.d.j.r.query.QueryEnhancerFactory     : Hibernate is in classpath; If applicable, HQL parser will be used.
2026-03-30T12:52:39.022Z  WARN [ADMIN-SERVICE,traceId=,spanId=] 1 --- [ADMIN-SERVICE] [main] [                                                 ] JpaBaseConfiguration$JpaWebConfiguration : spring.jpa.open-in-view is enabled by default. Therefore, database queries may be performed during view rendering. Explicitly configure spring.jpa.open-in-view to disable this warning
2026-03-30T12:52:44.443Z  WARN [ADMIN-SERVICE,traceId=,spanId=] 1 --- [ADMIN-SERVICE] [main] [                                                 ] .s.s.UserDetailsServiceAutoConfiguration : 

Using generated security password: 6720ba70-1535-4e88-a5a0-27fa3fa61818

This generated password is for development use only. Your security configuration must be updated before running your application in production.

2026-03-30T12:52:49.314Z  INFO [ADMIN-SERVICE,traceId=,spanId=] 1 --- [ADMIN-SERVICE] [main] [                                                 ] o.s.b.a.e.web.EndpointLinksResolver      : Exposing 1 endpoint(s) beneath base path '/actuator'
2026-03-30T12:52:50.148Z  INFO [ADMIN-SERVICE,traceId=,spanId=] 1 --- [ADMIN-SERVICE] [main] [                                                 ] o.s.s.web.DefaultSecurityFilterChain     : Will secure any request with [org.springframework.security.web.session.DisableEncodeUrlFilter@5b9d7666, org.springframework.security.web.context.request.async.WebAsyncManagerIntegrationFilter@36bcae97, org.springframework.security.web.context.SecurityContextHolderFilter@15dbd88e, org.springframework.security.web.header.HeaderWriterFilter@3c802d25, org.springframework.web.filter.CorsFilter@6d618003, org.springframework.security.web.authentication.logout.LogoutFilter@4dc1f629, in.cg.main.security.JwtFilter@18f8ebd4, org.springframework.security.web.savedrequest.RequestCacheAwareFilter@6cfd4d4d, org.springframework.security.web.servletapi.SecurityContextHolderAwareRequestFilter@164212ad, org.springframework.security.web.authentication.AnonymousAuthenticationFilter@3030a20, org.springframework.security.web.session.SessionManagementFilter@234a21e9, org.springframework.security.web.access.ExceptionTranslationFilter@7963a94b, org.springframework.security.web.access.intercept.AuthorizationFilter@1c510181]
2026-03-30T12:52:55.481Z  INFO [ADMIN-SERVICE,traceId=,spanId=] 1 --- [ADMIN-SERVICE] [main] [                                                 ] DiscoveryClientOptionalArgsConfiguration : Eureka HTTP Client uses RestTemplate.
2026-03-30T12:52:56.158Z  WARN [ADMIN-SERVICE,traceId=,spanId=] 1 --- [ADMIN-SERVICE] [main] [                                                 ] iguration$LoadBalancerCaffeineWarnLogger : Spring Cloud LoadBalancer is currently working with the default cache. While this cache implementation is useful for development and tests, it's recommended to use Caffeine cache in production.You can switch to using Caffeine cache, by adding it and org.springframework.cache.caffeine.CaffeineCacheManager to the classpath.
2026-03-30T12:52:56.970Z  INFO [ADMIN-SERVICE,traceId=,spanId=] 1 --- [ADMIN-SERVICE] [main] [                                                 ] o.s.c.n.eureka.InstanceInfoFactory       : Setting initial instance status as: STARTING
2026-03-30T12:52:57.547Z  INFO [ADMIN-SERVICE,traceId=,spanId=] 1 --- [ADMIN-SERVICE] [main] [                                                 ] com.netflix.discovery.DiscoveryClient    : Initializing Eureka in region us-east-1
2026-03-30T12:52:57.658Z  INFO [ADMIN-SERVICE,traceId=,spanId=] 1 --- [ADMIN-SERVICE] [main] [                                                 ] c.n.d.s.r.aws.ConfigClusterResolver      : Resolving eureka endpoints via configuration
2026-03-30T12:52:57.778Z  INFO [ADMIN-SERVICE,traceId=,spanId=] 1 --- [ADMIN-SERVICE] [main] [                                                 ] com.netflix.discovery.DiscoveryClient    : Disable delta property : false
2026-03-30T12:52:57.787Z  INFO [ADMIN-SERVICE,traceId=,spanId=] 1 --- [ADMIN-SERVICE] [main] [                                                 ] com.netflix.discovery.DiscoveryClient    : Single vip registry refresh property : null
2026-03-30T12:52:57.796Z  INFO [ADMIN-SERVICE,traceId=,spanId=] 1 --- [ADMIN-SERVICE] [main] [                                                 ] com.netflix.discovery.DiscoveryClient    : Force full registry fetch : false
2026-03-30T12:52:57.800Z  INFO [ADMIN-SERVICE,traceId=,spanId=] 1 --- [ADMIN-SERVICE] [main] [                                                 ] com.netflix.discovery.DiscoveryClient    : Application is null : false
2026-03-30T12:52:57.812Z  INFO [ADMIN-SERVICE,traceId=,spanId=] 1 --- [ADMIN-SERVICE] [main] [                                                 ] com.netflix.discovery.DiscoveryClient    : Registered Applications size is zero : true
2026-03-30T12:52:57.814Z  INFO [ADMIN-SERVICE,traceId=,spanId=] 1 --- [ADMIN-SERVICE] [main] [                                                 ] com.netflix.discovery.DiscoveryClient    : Application version is -1: true
2026-03-30T12:52:57.818Z  INFO [ADMIN-SERVICE,traceId=,spanId=] 1 --- [ADMIN-SERVICE] [main] [                                                 ] com.netflix.discovery.DiscoveryClient    : Getting all instance registry info from the eureka server
2026-03-30T12:53:00.445Z  INFO [ADMIN-SERVICE,traceId=,spanId=] 1 --- [ADMIN-SERVICE] [main] [                                                 ] com.netflix.discovery.DiscoveryClient    : The response status is 200
2026-03-30T12:53:00.479Z  INFO [ADMIN-SERVICE,traceId=,spanId=] 1 --- [ADMIN-SERVICE] [main] [                                                 ] com.netflix.discovery.DiscoveryClient    : Starting heartbeat executor: renew interval is: 30
2026-03-30T12:53:00.533Z  INFO [ADMIN-SERVICE,traceId=,spanId=] 1 --- [ADMIN-SERVICE] [main] [                                                 ] c.n.discovery.InstanceInfoReplicator     : InstanceInfoReplicator onDemand update allowed rate per min is 4
2026-03-30T12:53:00.547Z  INFO [ADMIN-SERVICE,traceId=,spanId=] 1 --- [ADMIN-SERVICE] [main] [                                                 ] com.netflix.discovery.DiscoveryClient    : Discovery Client initialized at timestamp 1774875180544 with initial instances count: 3
2026-03-30T12:53:00.601Z  INFO [ADMIN-SERVICE,traceId=,spanId=] 1 --- [ADMIN-SERVICE] [main] [                                                 ] o.s.c.n.e.s.EurekaServiceRegistry        : Registering application ADMIN-SERVICE with eureka with status UP
2026-03-30T12:53:00.611Z  INFO [ADMIN-SERVICE,traceId=,spanId=] 1 --- [ADMIN-SERVICE] [main] [                                                 ] com.netflix.discovery.DiscoveryClient    : Saw local status change event StatusChangeEvent [timestamp=1774875180610, current=UP, previous=STARTING]
2026-03-30T12:53:00.637Z  INFO [ADMIN-SERVICE,traceId=,spanId=] 1 --- [ADMIN-SERVICE] [DiscoveryClient-InstanceInfoReplicator-%d] [                                                 ] com.netflix.discovery.DiscoveryClient    : DiscoveryClient_ADMIN-SERVICE/be5911263a80:ADMIN-SERVICE:8084: registering service...
2026-03-30T12:53:00.952Z  INFO [ADMIN-SERVICE,traceId=,spanId=] 1 --- [ADMIN-SERVICE] [main] [                                                 ] o.s.b.w.embedded.tomcat.TomcatWebServer  : Tomcat started on port 8084 (http) with context path ''
2026-03-30T12:53:00.969Z  INFO [ADMIN-SERVICE,traceId=,spanId=] 1 --- [ADMIN-SERVICE] [main] [                                                 ] .s.c.n.e.s.EurekaAutoServiceRegistration : Updating port to 8084
2026-03-30T12:53:01.016Z  INFO [ADMIN-SERVICE,traceId=,spanId=] 1 --- [ADMIN-SERVICE] [DiscoveryClient-InstanceInfoReplicator-%d] [                                                 ] com.netflix.discovery.DiscoveryClient    : DiscoveryClient_ADMIN-SERVICE/be5911263a80:ADMIN-SERVICE:8084 - registration status: 204
2026-03-30T12:53:01.051Z  INFO [ADMIN-SERVICE,traceId=,spanId=] 1 --- [ADMIN-SERVICE] [main] [                                                 ] in.cg.main.AdminServiceApplication       : Started AdminServiceApplication in 144.425 seconds (process running for 186.115)
2026-03-30T12:55:10.987Z  INFO [ADMIN-SERVICE,traceId=,spanId=] 1 --- [ADMIN-SERVICE] [http-nio-8084-exec-1] [                                                 ] o.a.c.c.C.[Tomcat].[localhost].[/]       : Initializing Spring DispatcherServlet 'dispatcherServlet'
2026-03-30T12:55:10.990Z  INFO [ADMIN-SERVICE,traceId=,spanId=] 1 --- [ADMIN-SERVICE] [http-nio-8084-exec-1] [                                                 ] o.s.web.servlet.DispatcherServlet        : Initializing Servlet 'dispatcherServlet'
2026-03-30T12:55:11.008Z  INFO [ADMIN-SERVICE,traceId=,spanId=] 1 --- [ADMIN-SERVICE] [http-nio-8084-exec-1] [                                                 ] o.s.web.servlet.DispatcherServlet        : Completed initialization in 17 ms
2026-03-30T12:55:12.349Z  INFO [ADMIN-SERVICE,traceId=69ca72aff3065edd9e9e6357acd9c8c4,spanId=45744465bd534cf5] 1 --- [ADMIN-SERVICE] [http-nio-8084-exec-1] [69ca72aff3065edd9e9e6357acd9c8c4-45744465bd534cf5] o.springdoc.api.AbstractOpenApiResource  : Init duration for springdoc-openapi is: 1032 ms
2026-03-30T12:57:34.789Z  INFO [ADMIN-SERVICE,traceId=,spanId=] 1 --- [ADMIN-SERVICE] [AsyncResolver-bootstrap-executor-%d] [                                                 ] c.n.d.s.r.aws.ConfigClusterResolver      : Resolving eureka endpoints via configuration
2026-03-30T13:02:11.710Z  INFO [ADMIN-SERVICE,traceId=,spanId=] 1 --- [ADMIN-SERVICE] [AsyncResolver-bootstrap-executor-%d] [                                                 ] c.n.d.s.r.aws.ConfigClusterResolver      : Resolving eureka endpoints via configuration
2026-03-30T13:11:32.837Z  INFO [ADMIN-SERVICE,traceId=,spanId=] 1 --- [ADMIN-SERVICE] [main] [                                                 ] in.cg.main.AdminServiceApplication       : Starting AdminServiceApplication v0.0.1-SNAPSHOT using Java 21.0.10 with PID 1 (/app/app.jar started by root in /app)
2026-03-30T13:11:32.918Z  INFO [ADMIN-SERVICE,traceId=,spanId=] 1 --- [ADMIN-SERVICE] [main] [                                                 ] in.cg.main.AdminServiceApplication       : No active profile set, falling back to 1 default profile: "default"
2026-03-30T13:12:53.861Z  INFO [ADMIN-SERVICE,traceId=,spanId=] 1 --- [ADMIN-SERVICE] [main] [                                                 ] .s.d.r.c.RepositoryConfigurationDelegate : Bootstrapping Spring Data JPA repositories in DEFAULT mode.
2026-03-30T13:12:55.945Z  INFO [ADMIN-SERVICE,traceId=,spanId=] 1 --- [ADMIN-SERVICE] [main] [                                                 ] .s.d.r.c.RepositoryConfigurationDelegate : Finished Spring Data repository scanning in 1960 ms. Found 4 JPA repository interfaces.
2026-03-30T13:13:01.691Z  INFO [ADMIN-SERVICE,traceId=,spanId=] 1 --- [ADMIN-SERVICE] [main] [                                                 ] o.s.cloud.context.scope.GenericScope     : BeanFactory id=dfacf1e9-9423-36c2-9f67-4db06da90fc7
2026-03-30T13:13:06.418Z  WARN [ADMIN-SERVICE,traceId=,spanId=] 1 --- [ADMIN-SERVICE] [main] [                                                 ] trationDelegate$BeanPostProcessorChecker : Bean 'org.springframework.cloud.client.loadbalancer.LoadBalancerAutoConfiguration$DeferringLoadBalancerInterceptorConfig' of type [org.springframework.cloud.client.loadbalancer.LoadBalancerAutoConfiguration$DeferringLoadBalancerInterceptorConfig] is not eligible for getting processed by all BeanPostProcessors (for example: not eligible for auto-proxying). The currently created BeanPostProcessor [lbRestClientPostProcessor] is declared through a non-static factory method on that class; consider declaring it as static instead.
2026-03-30T13:13:06.448Z  WARN [ADMIN-SERVICE,traceId=,spanId=] 1 --- [ADMIN-SERVICE] [main] [                                                 ] trationDelegate$BeanPostProcessorChecker : Bean 'deferringLoadBalancerInterceptor' of type [org.springframework.cloud.client.loadbalancer.DeferringLoadBalancerInterceptor] is not eligible for getting processed by all BeanPostProcessors (for example: not eligible for auto-proxying). Is this bean getting eagerly injected into a currently created BeanPostProcessor [lbRestClientPostProcessor]? Check the corresponding BeanPostProcessor declaration and its dependencies.
2026-03-30T13:13:08.263Z  INFO [ADMIN-SERVICE,traceId=,spanId=] 1 --- [ADMIN-SERVICE] [main] [                                                 ] o.s.b.w.embedded.tomcat.TomcatWebServer  : Tomcat initialized with port 8084 (http)
2026-03-30T13:13:08.557Z  INFO [ADMIN-SERVICE,traceId=,spanId=] 1 --- [ADMIN-SERVICE] [main] [                                                 ] o.apache.catalina.core.StandardService   : Starting service [Tomcat]
2026-03-30T13:13:08.580Z  INFO [ADMIN-SERVICE,traceId=,spanId=] 1 --- [ADMIN-SERVICE] [main] [                                                 ] o.apache.catalina.core.StandardEngine    : Starting Servlet engine: [Apache Tomcat/10.1.20]
2026-03-30T13:13:09.204Z  INFO [ADMIN-SERVICE,traceId=,spanId=] 1 --- [ADMIN-SERVICE] [main] [                                                 ] o.a.c.c.C.[Tomcat].[localhost].[/]       : Initializing Spring embedded WebApplicationContext
2026-03-30T13:13:09.220Z  INFO [ADMIN-SERVICE,traceId=,spanId=] 1 --- [ADMIN-SERVICE] [main] [                                                 ] w.s.c.ServletWebServerApplicationContext : Root WebApplicationContext: initialization completed in 91215 ms
2026-03-30T13:13:23.019Z  INFO [ADMIN-SERVICE,traceId=,spanId=] 1 --- [ADMIN-SERVICE] [main] [                                                 ] o.hibernate.jpa.internal.util.LogHelper  : HHH000204: Processing PersistenceUnitInfo [name: default]
2026-03-30T13:13:26.616Z  INFO [ADMIN-SERVICE,traceId=,spanId=] 1 --- [ADMIN-SERVICE] [main] [                                                 ] org.hibernate.Version                    : HHH000412: Hibernate ORM core version 6.4.4.Final
2026-03-30T13:13:28.360Z  INFO [ADMIN-SERVICE,traceId=,spanId=] 1 --- [ADMIN-SERVICE] [main] [                                                 ] o.h.c.internal.RegionFactoryInitiator    : HHH000026: Second-level cache disabled
2026-03-30T13:13:37.444Z  INFO [ADMIN-SERVICE,traceId=,spanId=] 1 --- [ADMIN-SERVICE] [main] [                                                 ] o.s.o.j.p.SpringPersistenceUnitInfo      : No LoadTimeWeaver setup: ignoring JPA class transformer
2026-03-30T13:13:37.851Z  INFO [ADMIN-SERVICE,traceId=,spanId=] 1 --- [ADMIN-SERVICE] [main] [                                                 ] com.zaxxer.hikari.HikariDataSource       : HikariPool-1 - Starting...
2026-03-30T13:13:47.501Z  INFO [ADMIN-SERVICE,traceId=,spanId=] 1 --- [ADMIN-SERVICE] [main] [                                                 ] com.zaxxer.hikari.pool.HikariPool        : HikariPool-1 - Added connection com.mysql.cj.jdbc.ConnectionImpl@1c7fd2e0
2026-03-30T13:13:47.561Z  INFO [ADMIN-SERVICE,traceId=,spanId=] 1 --- [ADMIN-SERVICE] [main] [                                                 ] com.zaxxer.hikari.HikariDataSource       : HikariPool-1 - Start completed.
2026-03-30T13:14:12.684Z  INFO [ADMIN-SERVICE,traceId=,spanId=] 1 --- [ADMIN-SERVICE] [main] [                                                 ] o.h.e.t.j.p.i.JtaPlatformInitiator       : HHH000489: No JTA platform available (set 'hibernate.transaction.jta.platform' to enable JTA platform integration)
2026-03-30T13:14:13.919Z  INFO [ADMIN-SERVICE,traceId=,spanId=] 1 --- [ADMIN-SERVICE] [main] [                                                 ] j.LocalContainerEntityManagerFactoryBean : Initialized JPA EntityManagerFactory for persistence unit 'default'
2026-03-30T13:14:25.617Z  INFO [ADMIN-SERVICE,traceId=,spanId=] 1 --- [ADMIN-SERVICE] [main] [                                                 ] o.s.d.j.r.query.QueryEnhancerFactory     : Hibernate is in classpath; If applicable, HQL parser will be used.
2026-03-30T13:14:32.778Z  WARN [ADMIN-SERVICE,traceId=,spanId=] 1 --- [ADMIN-SERVICE] [main] [                                                 ] JpaBaseConfiguration$JpaWebConfiguration : spring.jpa.open-in-view is enabled by default. Therefore, database queries may be performed during view rendering. Explicitly configure spring.jpa.open-in-view to disable this warning
2026-03-30T13:14:36.489Z  WARN [ADMIN-SERVICE,traceId=,spanId=] 1 --- [ADMIN-SERVICE] [main] [                                                 ] .s.s.UserDetailsServiceAutoConfiguration : 

Using generated security password: f2656e2c-245a-4a7f-b95f-aae848b76bca

This generated password is for development use only. Your security configuration must be updated before running your application in production.

2026-03-30T13:14:42.622Z  INFO [ADMIN-SERVICE,traceId=,spanId=] 1 --- [ADMIN-SERVICE] [main] [                                                 ] o.s.b.a.e.web.EndpointLinksResolver      : Exposing 1 endpoint(s) beneath base path '/actuator'
2026-03-30T13:14:42.882Z  INFO [ADMIN-SERVICE,traceId=,spanId=] 1 --- [ADMIN-SERVICE] [main] [                                                 ] o.s.s.web.DefaultSecurityFilterChain     : Will secure any request with [org.springframework.security.web.session.DisableEncodeUrlFilter@1e5bc4e7, org.springframework.security.web.context.request.async.WebAsyncManagerIntegrationFilter@539c833d, org.springframework.security.web.context.SecurityContextHolderFilter@6e48c5b2, org.springframework.security.web.header.HeaderWriterFilter@32cc87e0, org.springframework.web.filter.CorsFilter@7f096ea0, org.springframework.security.web.authentication.logout.LogoutFilter@6c49db66, in.cg.main.security.JwtFilter@62f37bfd, org.springframework.security.web.savedrequest.RequestCacheAwareFilter@1006fe59, org.springframework.security.web.servletapi.SecurityContextHolderAwareRequestFilter@6337c48d, org.springframework.security.web.authentication.AnonymousAuthenticationFilter@4fbdd61f, org.springframework.security.web.session.SessionManagementFilter@427475a2, org.springframework.security.web.access.ExceptionTranslationFilter@16594479, org.springframework.security.web.access.intercept.AuthorizationFilter@7b217a33]
2026-03-30T13:14:51.228Z  INFO [ADMIN-SERVICE,traceId=,spanId=] 1 --- [ADMIN-SERVICE] [main] [                                                 ] DiscoveryClientOptionalArgsConfiguration : Eureka HTTP Client uses RestTemplate.
2026-03-30T13:14:52.135Z  WARN [ADMIN-SERVICE,traceId=,spanId=] 1 --- [ADMIN-SERVICE] [main] [                                                 ] iguration$LoadBalancerCaffeineWarnLogger : Spring Cloud LoadBalancer is currently working with the default cache. While this cache implementation is useful for development and tests, it's recommended to use Caffeine cache in production.You can switch to using Caffeine cache, by adding it and org.springframework.cache.caffeine.CaffeineCacheManager to the classpath.
2026-03-30T13:14:52.633Z  INFO [ADMIN-SERVICE,traceId=,spanId=] 1 --- [ADMIN-SERVICE] [main] [                                                 ] o.s.c.n.eureka.InstanceInfoFactory       : Setting initial instance status as: STARTING
2026-03-30T13:14:52.766Z  INFO [ADMIN-SERVICE,traceId=,spanId=] 1 --- [ADMIN-SERVICE] [main] [                                                 ] com.netflix.discovery.DiscoveryClient    : Initializing Eureka in region us-east-1
2026-03-30T13:14:52.787Z  INFO [ADMIN-SERVICE,traceId=,spanId=] 1 --- [ADMIN-SERVICE] [main] [                                                 ] c.n.d.s.r.aws.ConfigClusterResolver      : Resolving eureka endpoints via configuration
2026-03-30T13:14:52.831Z  INFO [ADMIN-SERVICE,traceId=,spanId=] 1 --- [ADMIN-SERVICE] [main] [                                                 ] com.netflix.discovery.DiscoveryClient    : Disable delta property : false
2026-03-30T13:14:52.837Z  INFO [ADMIN-SERVICE,traceId=,spanId=] 1 --- [ADMIN-SERVICE] [main] [                                                 ] com.netflix.discovery.DiscoveryClient    : Single vip registry refresh property : null
2026-03-30T13:14:52.838Z  INFO [ADMIN-SERVICE,traceId=,spanId=] 1 --- [ADMIN-SERVICE] [main] [                                                 ] com.netflix.discovery.DiscoveryClient    : Force full registry fetch : false
2026-03-30T13:14:52.839Z  INFO [ADMIN-SERVICE,traceId=,spanId=] 1 --- [ADMIN-SERVICE] [main] [                                                 ] com.netflix.discovery.DiscoveryClient    : Application is null : false
2026-03-30T13:14:52.840Z  INFO [ADMIN-SERVICE,traceId=,spanId=] 1 --- [ADMIN-SERVICE] [main] [                                                 ] com.netflix.discovery.DiscoveryClient    : Registered Applications size is zero : true
2026-03-30T13:14:52.840Z  INFO [ADMIN-SERVICE,traceId=,spanId=] 1 --- [ADMIN-SERVICE] [main] [                                                 ] com.netflix.discovery.DiscoveryClient    : Application version is -1: true
2026-03-30T13:14:52.841Z  INFO [ADMIN-SERVICE,traceId=,spanId=] 1 --- [ADMIN-SERVICE] [main] [                                                 ] com.netflix.discovery.DiscoveryClient    : Getting all instance registry info from the eureka server
2026-03-30T13:14:54.731Z  INFO [ADMIN-SERVICE,traceId=,spanId=] 1 --- [ADMIN-SERVICE] [main] [                                                 ] com.netflix.discovery.DiscoveryClient    : The response status is 200
2026-03-30T13:14:54.736Z  INFO [ADMIN-SERVICE,traceId=,spanId=] 1 --- [ADMIN-SERVICE] [main] [                                                 ] com.netflix.discovery.DiscoveryClient    : Starting heartbeat executor: renew interval is: 30
2026-03-30T13:14:54.742Z  INFO [ADMIN-SERVICE,traceId=,spanId=] 1 --- [ADMIN-SERVICE] [main] [                                                 ] c.n.discovery.InstanceInfoReplicator     : InstanceInfoReplicator onDemand update allowed rate per min is 4
2026-03-30T13:14:54.752Z  INFO [ADMIN-SERVICE,traceId=,spanId=] 1 --- [ADMIN-SERVICE] [main] [                                                 ] com.netflix.discovery.DiscoveryClient    : Discovery Client initialized at timestamp 1774876494748 with initial instances count: 1
2026-03-30T13:14:54.771Z  INFO [ADMIN-SERVICE,traceId=,spanId=] 1 --- [ADMIN-SERVICE] [main] [                                                 ] o.s.c.n.e.s.EurekaServiceRegistry        : Registering application ADMIN-SERVICE with eureka with status UP
2026-03-30T13:14:54.774Z  INFO [ADMIN-SERVICE,traceId=,spanId=] 1 --- [ADMIN-SERVICE] [main] [                                                 ] com.netflix.discovery.DiscoveryClient    : Saw local status change event StatusChangeEvent [timestamp=1774876494773, current=UP, previous=STARTING]
2026-03-30T13:14:54.778Z  INFO [ADMIN-SERVICE,traceId=,spanId=] 1 --- [ADMIN-SERVICE] [DiscoveryClient-InstanceInfoReplicator-%d] [                                                 ] com.netflix.discovery.DiscoveryClient    : DiscoveryClient_ADMIN-SERVICE/522d122db5b9:ADMIN-SERVICE:8084: registering service...
2026-03-30T13:14:54.860Z  INFO [ADMIN-SERVICE,traceId=,spanId=] 1 --- [ADMIN-SERVICE] [main] [                                                 ] o.s.b.w.embedded.tomcat.TomcatWebServer  : Tomcat started on port 8084 (http) with context path ''
2026-03-30T13:14:54.862Z  INFO [ADMIN-SERVICE,traceId=,spanId=] 1 --- [ADMIN-SERVICE] [main] [                                                 ] .s.c.n.e.s.EurekaAutoServiceRegistration : Updating port to 8084
2026-03-30T13:14:55.138Z  INFO [ADMIN-SERVICE,traceId=,spanId=] 1 --- [ADMIN-SERVICE] [main] [                                                 ] in.cg.main.AdminServiceApplication       : Started AdminServiceApplication in 218.823 seconds (process running for 262.327)
2026-03-30T13:14:55.230Z  INFO [ADMIN-SERVICE,traceId=,spanId=] 1 --- [ADMIN-SERVICE] [DiscoveryClient-InstanceInfoReplicator-%d] [                                                 ] com.netflix.discovery.DiscoveryClient    : DiscoveryClient_ADMIN-SERVICE/522d122db5b9:ADMIN-SERVICE:8084 - registration status: 204
2026-03-30T13:17:17.469Z  INFO [ADMIN-SERVICE,traceId=,spanId=] 1 --- [ADMIN-SERVICE] [SpringApplicationShutdownHook] [                                                 ] o.s.c.n.e.s.EurekaServiceRegistry        : Unregistering application ADMIN-SERVICE with eureka with status DOWN
2026-03-30T13:17:17.527Z  INFO [ADMIN-SERVICE,traceId=,spanId=] 1 --- [ADMIN-SERVICE] [SpringApplicationShutdownHook] [                                                 ] com.netflix.discovery.DiscoveryClient    : Saw local status change event StatusChangeEvent [timestamp=1774876637527, current=DOWN, previous=UP]
2026-03-30T13:17:17.546Z  INFO [ADMIN-SERVICE,traceId=,spanId=] 1 --- [ADMIN-SERVICE] [DiscoveryClient-InstanceInfoReplicator-%d] [                                                 ] com.netflix.discovery.DiscoveryClient    : DiscoveryClient_ADMIN-SERVICE/522d122db5b9:ADMIN-SERVICE:8084: registering service...
2026-03-30T13:17:17.656Z  INFO [ADMIN-SERVICE,traceId=,spanId=] 1 --- [ADMIN-SERVICE] [DiscoveryClient-InstanceInfoReplicator-%d] [                                                 ] com.netflix.discovery.DiscoveryClient    : DiscoveryClient_ADMIN-SERVICE/522d122db5b9:ADMIN-SERVICE:8084 - registration status: 204
2026-03-30T17:53:32.504Z  INFO [ADMIN-SERVICE,traceId=,spanId=] 1 --- [ADMIN-SERVICE] [main] [                                                 ] in.cg.main.AdminServiceApplication       : Starting AdminServiceApplication v0.0.1-SNAPSHOT using Java 21.0.10 with PID 1 (/app/app.jar started by root in /app)
2026-03-30T17:53:32.524Z  INFO [ADMIN-SERVICE,traceId=,spanId=] 1 --- [ADMIN-SERVICE] [main] [                                                 ] in.cg.main.AdminServiceApplication       : No active profile set, falling back to 1 default profile: "default"
2026-03-30T17:54:37.035Z  INFO [ADMIN-SERVICE,traceId=,spanId=] 1 --- [ADMIN-SERVICE] [main] [                                                 ] .s.d.r.c.RepositoryConfigurationDelegate : Bootstrapping Spring Data JPA repositories in DEFAULT mode.
2026-03-30T17:54:40.690Z  INFO [ADMIN-SERVICE,traceId=,spanId=] 1 --- [ADMIN-SERVICE] [main] [                                                 ] .s.d.r.c.RepositoryConfigurationDelegate : Finished Spring Data repository scanning in 3434 ms. Found 4 JPA repository interfaces.
2026-03-30T17:54:49.363Z  INFO [ADMIN-SERVICE,traceId=,spanId=] 1 --- [ADMIN-SERVICE] [main] [                                                 ] o.s.cloud.context.scope.GenericScope     : BeanFactory id=dfacf1e9-9423-36c2-9f67-4db06da90fc7
2026-03-30T17:54:56.341Z  WARN [ADMIN-SERVICE,traceId=,spanId=] 1 --- [ADMIN-SERVICE] [main] [                                                 ] trationDelegate$BeanPostProcessorChecker : Bean 'org.springframework.cloud.client.loadbalancer.LoadBalancerAutoConfiguration$DeferringLoadBalancerInterceptorConfig' of type [org.springframework.cloud.client.loadbalancer.LoadBalancerAutoConfiguration$DeferringLoadBalancerInterceptorConfig] is not eligible for getting processed by all BeanPostProcessors (for example: not eligible for auto-proxying). The currently created BeanPostProcessor [lbRestClientPostProcessor] is declared through a non-static factory method on that class; consider declaring it as static instead.
2026-03-30T17:54:56.457Z  WARN [ADMIN-SERVICE,traceId=,spanId=] 1 --- [ADMIN-SERVICE] [main] [                                                 ] trationDelegate$BeanPostProcessorChecker : Bean 'deferringLoadBalancerInterceptor' of type [org.springframework.cloud.client.loadbalancer.DeferringLoadBalancerInterceptor] is not eligible for getting processed by all BeanPostProcessors (for example: not eligible for auto-proxying). Is this bean getting eagerly injected into a currently created BeanPostProcessor [lbRestClientPostProcessor]? Check the corresponding BeanPostProcessor declaration and its dependencies.
2026-03-30T17:55:00.314Z  INFO [ADMIN-SERVICE,traceId=,spanId=] 1 --- [ADMIN-SERVICE] [main] [                                                 ] o.s.b.w.embedded.tomcat.TomcatWebServer  : Tomcat initialized with port 8084 (http)
2026-03-30T17:55:00.442Z  INFO [ADMIN-SERVICE,traceId=,spanId=] 1 --- [ADMIN-SERVICE] [main] [                                                 ] o.apache.catalina.core.StandardService   : Starting service [Tomcat]
2026-03-30T17:55:00.451Z  INFO [ADMIN-SERVICE,traceId=,spanId=] 1 --- [ADMIN-SERVICE] [main] [                                                 ] o.apache.catalina.core.StandardEngine    : Starting Servlet engine: [Apache Tomcat/10.1.20]
2026-03-30T17:55:00.927Z  INFO [ADMIN-SERVICE,traceId=,spanId=] 1 --- [ADMIN-SERVICE] [main] [                                                 ] o.a.c.c.C.[Tomcat].[localhost].[/]       : Initializing Spring embedded WebApplicationContext
2026-03-30T17:55:00.938Z  INFO [ADMIN-SERVICE,traceId=,spanId=] 1 --- [ADMIN-SERVICE] [main] [                                                 ] w.s.c.ServletWebServerApplicationContext : Root WebApplicationContext: initialization completed in 84838 ms
2026-03-30T17:55:12.228Z  INFO [ADMIN-SERVICE,traceId=,spanId=] 1 --- [ADMIN-SERVICE] [main] [                                                 ] o.hibernate.jpa.internal.util.LogHelper  : HHH000204: Processing PersistenceUnitInfo [name: default]
2026-03-30T17:55:14.528Z  INFO [ADMIN-SERVICE,traceId=,spanId=] 1 --- [ADMIN-SERVICE] [main] [                                                 ] org.hibernate.Version                    : HHH000412: Hibernate ORM core version 6.4.4.Final
2026-03-30T17:55:15.228Z  INFO [ADMIN-SERVICE,traceId=,spanId=] 1 --- [ADMIN-SERVICE] [main] [                                                 ] o.h.c.internal.RegionFactoryInitiator    : HHH000026: Second-level cache disabled
2026-03-30T17:55:18.065Z  INFO [ADMIN-SERVICE,traceId=,spanId=] 1 --- [ADMIN-SERVICE] [main] [                                                 ] o.s.o.j.p.SpringPersistenceUnitInfo      : No LoadTimeWeaver setup: ignoring JPA class transformer
2026-03-30T17:55:18.513Z  INFO [ADMIN-SERVICE,traceId=,spanId=] 1 --- [ADMIN-SERVICE] [main] [                                                 ] com.zaxxer.hikari.HikariDataSource       : HikariPool-1 - Starting...
2026-03-30T17:55:21.634Z  INFO [ADMIN-SERVICE,traceId=,spanId=] 1 --- [ADMIN-SERVICE] [main] [                                                 ] com.zaxxer.hikari.pool.HikariPool        : HikariPool-1 - Added connection com.mysql.cj.jdbc.ConnectionImpl@b0d4873
2026-03-30T17:55:21.662Z  INFO [ADMIN-SERVICE,traceId=,spanId=] 1 --- [ADMIN-SERVICE] [main] [                                                 ] com.zaxxer.hikari.HikariDataSource       : HikariPool-1 - Start completed.
2026-03-30T17:55:35.095Z  INFO [ADMIN-SERVICE,traceId=,spanId=] 1 --- [ADMIN-SERVICE] [main] [                                                 ] o.h.e.t.j.p.i.JtaPlatformInitiator       : HHH000489: No JTA platform available (set 'hibernate.transaction.jta.platform' to enable JTA platform integration)
2026-03-30T17:55:36.647Z  INFO [ADMIN-SERVICE,traceId=,spanId=] 1 --- [ADMIN-SERVICE] [main] [                                                 ] j.LocalContainerEntityManagerFactoryBean : Initialized JPA EntityManagerFactory for persistence unit 'default'
2026-03-30T17:55:41.887Z  INFO [ADMIN-SERVICE,traceId=,spanId=] 1 --- [ADMIN-SERVICE] [main] [                                                 ] o.s.d.j.r.query.QueryEnhancerFactory     : Hibernate is in classpath; If applicable, HQL parser will be used.
2026-03-30T17:55:51.912Z  WARN [ADMIN-SERVICE,traceId=,spanId=] 1 --- [ADMIN-SERVICE] [main] [                                                 ] JpaBaseConfiguration$JpaWebConfiguration : spring.jpa.open-in-view is enabled by default. Therefore, database queries may be performed during view rendering. Explicitly configure spring.jpa.open-in-view to disable this warning
2026-03-30T17:55:56.142Z  WARN [ADMIN-SERVICE,traceId=,spanId=] 1 --- [ADMIN-SERVICE] [main] [                                                 ] .s.s.UserDetailsServiceAutoConfiguration : 

Using generated security password: 7b0d94fd-3b82-4e1c-8172-e80954796c04

This generated password is for development use only. Your security configuration must be updated before running your application in production.

2026-03-30T17:56:03.306Z  INFO [ADMIN-SERVICE,traceId=,spanId=] 1 --- [ADMIN-SERVICE] [main] [                                                 ] o.s.b.a.e.web.EndpointLinksResolver      : Exposing 1 endpoint(s) beneath base path '/actuator'
2026-03-30T17:56:04.387Z  INFO [ADMIN-SERVICE,traceId=,spanId=] 1 --- [ADMIN-SERVICE] [main] [                                                 ] o.s.s.web.DefaultSecurityFilterChain     : Will secure any request with [org.springframework.security.web.session.DisableEncodeUrlFilter@214a81a4, org.springframework.security.web.context.request.async.WebAsyncManagerIntegrationFilter@68955382, org.springframework.security.web.context.SecurityContextHolderFilter@54978e18, org.springframework.security.web.header.HeaderWriterFilter@5d7b361, org.springframework.web.filter.CorsFilter@682f9202, org.springframework.security.web.authentication.logout.LogoutFilter@6edbdbed, in.cg.main.security.JwtFilter@1c972ae6, org.springframework.security.web.savedrequest.RequestCacheAwareFilter@473c1e53, org.springframework.security.web.servletapi.SecurityContextHolderAwareRequestFilter@234a21e9, org.springframework.security.web.authentication.AnonymousAuthenticationFilter@5d3e24e2, org.springframework.security.web.session.SessionManagementFilter@23f37949, org.springframework.security.web.access.ExceptionTranslationFilter@463e66c2, org.springframework.security.web.access.intercept.AuthorizationFilter@31dbe419]
2026-03-30T17:56:12.704Z  INFO [ADMIN-SERVICE,traceId=,spanId=] 1 --- [ADMIN-SERVICE] [main] [                                                 ] DiscoveryClientOptionalArgsConfiguration : Eureka HTTP Client uses RestTemplate.
2026-03-30T17:56:13.456Z  WARN [ADMIN-SERVICE,traceId=,spanId=] 1 --- [ADMIN-SERVICE] [main] [                                                 ] iguration$LoadBalancerCaffeineWarnLogger : Spring Cloud LoadBalancer is currently working with the default cache. While this cache implementation is useful for development and tests, it's recommended to use Caffeine cache in production.You can switch to using Caffeine cache, by adding it and org.springframework.cache.caffeine.CaffeineCacheManager to the classpath.
2026-03-30T17:56:15.269Z  INFO [ADMIN-SERVICE,traceId=,spanId=] 1 --- [ADMIN-SERVICE] [main] [                                                 ] o.s.c.n.eureka.InstanceInfoFactory       : Setting initial instance status as: STARTING
2026-03-30T17:56:15.647Z  INFO [ADMIN-SERVICE,traceId=,spanId=] 1 --- [ADMIN-SERVICE] [main] [                                                 ] com.netflix.discovery.DiscoveryClient    : Initializing Eureka in region us-east-1
2026-03-30T17:56:15.870Z  INFO [ADMIN-SERVICE,traceId=,spanId=] 1 --- [ADMIN-SERVICE] [main] [                                                 ] c.n.d.s.r.aws.ConfigClusterResolver      : Resolving eureka endpoints via configuration
2026-03-30T17:56:16.003Z  INFO [ADMIN-SERVICE,traceId=,spanId=] 1 --- [ADMIN-SERVICE] [main] [                                                 ] com.netflix.discovery.DiscoveryClient    : Disable delta property : false
2026-03-30T17:56:16.008Z  INFO [ADMIN-SERVICE,traceId=,spanId=] 1 --- [ADMIN-SERVICE] [main] [                                                 ] com.netflix.discovery.DiscoveryClient    : Single vip registry refresh property : null
2026-03-30T17:56:16.011Z  INFO [ADMIN-SERVICE,traceId=,spanId=] 1 --- [ADMIN-SERVICE] [main] [                                                 ] com.netflix.discovery.DiscoveryClient    : Force full registry fetch : false
2026-03-30T17:56:16.013Z  INFO [ADMIN-SERVICE,traceId=,spanId=] 1 --- [ADMIN-SERVICE] [main] [                                                 ] com.netflix.discovery.DiscoveryClient    : Application is null : false
2026-03-30T17:56:16.019Z  INFO [ADMIN-SERVICE,traceId=,spanId=] 1 --- [ADMIN-SERVICE] [main] [                                                 ] com.netflix.discovery.DiscoveryClient    : Registered Applications size is zero : true
2026-03-30T17:56:16.020Z  INFO [ADMIN-SERVICE,traceId=,spanId=] 1 --- [ADMIN-SERVICE] [main] [                                                 ] com.netflix.discovery.DiscoveryClient    : Application version is -1: true
2026-03-30T17:56:16.027Z  INFO [ADMIN-SERVICE,traceId=,spanId=] 1 --- [ADMIN-SERVICE] [main] [                                                 ] com.netflix.discovery.DiscoveryClient    : Getting all instance registry info from the eureka server
2026-03-30T17:56:18.915Z  INFO [ADMIN-SERVICE,traceId=,spanId=] 1 --- [ADMIN-SERVICE] [main] [                                                 ] com.netflix.discovery.DiscoveryClient    : The response status is 200
2026-03-30T17:56:18.924Z  INFO [ADMIN-SERVICE,traceId=,spanId=] 1 --- [ADMIN-SERVICE] [main] [                                                 ] com.netflix.discovery.DiscoveryClient    : Starting heartbeat executor: renew interval is: 30
2026-03-30T17:56:18.935Z  INFO [ADMIN-SERVICE,traceId=,spanId=] 1 --- [ADMIN-SERVICE] [main] [                                                 ] c.n.discovery.InstanceInfoReplicator     : InstanceInfoReplicator onDemand update allowed rate per min is 4
2026-03-30T17:56:18.963Z  INFO [ADMIN-SERVICE,traceId=,spanId=] 1 --- [ADMIN-SERVICE] [main] [                                                 ] com.netflix.discovery.DiscoveryClient    : Discovery Client initialized at timestamp 1774893378958 with initial instances count: 1
2026-03-30T17:56:19.003Z  INFO [ADMIN-SERVICE,traceId=,spanId=] 1 --- [ADMIN-SERVICE] [main] [                                                 ] o.s.c.n.e.s.EurekaServiceRegistry        : Registering application ADMIN-SERVICE with eureka with status UP
2026-03-30T17:56:19.008Z  INFO [ADMIN-SERVICE,traceId=,spanId=] 1 --- [ADMIN-SERVICE] [main] [                                                 ] com.netflix.discovery.DiscoveryClient    : Saw local status change event StatusChangeEvent [timestamp=1774893379008, current=UP, previous=STARTING]
2026-03-30T17:56:19.031Z  INFO [ADMIN-SERVICE,traceId=,spanId=] 1 --- [ADMIN-SERVICE] [DiscoveryClient-InstanceInfoReplicator-%d] [                                                 ] com.netflix.discovery.DiscoveryClient    : DiscoveryClient_ADMIN-SERVICE/82ed312ece9d:ADMIN-SERVICE:8084: registering service...
2026-03-30T17:56:19.374Z  INFO [ADMIN-SERVICE,traceId=,spanId=] 1 --- [ADMIN-SERVICE] [main] [                                                 ] o.s.b.w.embedded.tomcat.TomcatWebServer  : Tomcat started on port 8084 (http) with context path ''
2026-03-30T17:56:19.416Z  INFO [ADMIN-SERVICE,traceId=,spanId=] 1 --- [ADMIN-SERVICE] [main] [                                                 ] .s.c.n.e.s.EurekaAutoServiceRegistration : Updating port to 8084
2026-03-30T17:56:19.661Z  INFO [ADMIN-SERVICE,traceId=,spanId=] 1 --- [ADMIN-SERVICE] [main] [                                                 ] in.cg.main.AdminServiceApplication       : Started AdminServiceApplication in 183.661 seconds (process running for 226.624)
2026-03-30T17:56:19.708Z  INFO [ADMIN-SERVICE,traceId=,spanId=] 1 --- [ADMIN-SERVICE] [DiscoveryClient-InstanceInfoReplicator-%d] [                                                 ] com.netflix.discovery.DiscoveryClient    : DiscoveryClient_ADMIN-SERVICE/82ed312ece9d:ADMIN-SERVICE:8084 - registration status: 204
2026-03-30T17:57:16.505Z  INFO [ADMIN-SERVICE,traceId=,spanId=] 1 --- [ADMIN-SERVICE] [http-nio-8084-exec-1] [                                                 ] o.a.c.c.C.[Tomcat].[localhost].[/]       : Initializing Spring DispatcherServlet 'dispatcherServlet'
2026-03-30T17:57:16.507Z  INFO [ADMIN-SERVICE,traceId=,spanId=] 1 --- [ADMIN-SERVICE] [http-nio-8084-exec-1] [                                                 ] o.s.web.servlet.DispatcherServlet        : Initializing Servlet 'dispatcherServlet'
2026-03-30T17:57:16.519Z  INFO [ADMIN-SERVICE,traceId=,spanId=] 1 --- [ADMIN-SERVICE] [http-nio-8084-exec-1] [                                                 ] o.s.web.servlet.DispatcherServlet        : Completed initialization in 9 ms
2026-03-30T17:57:17.779Z  INFO [ADMIN-SERVICE,traceId=69cab97c5546256c45d3e45264b9cded,spanId=148b23827ad64bc2] 1 --- [ADMIN-SERVICE] [http-nio-8084-exec-1] [69cab97c5546256c45d3e45264b9cded-148b23827ad64bc2] o.springdoc.api.AbstractOpenApiResource  : Init duration for springdoc-openapi is: 821 ms
2026-03-30T18:00:52.962Z  INFO [ADMIN-SERVICE,traceId=,spanId=] 1 --- [ADMIN-SERVICE] [AsyncResolver-bootstrap-executor-%d] [                                                 ] c.n.d.s.r.aws.ConfigClusterResolver      : Resolving eureka endpoints via configuration
2026-03-30T18:05:29.911Z  INFO [ADMIN-SERVICE,traceId=,spanId=] 1 --- [ADMIN-SERVICE] [AsyncResolver-bootstrap-executor-%d] [                                                 ] c.n.d.s.r.aws.ConfigClusterResolver      : Resolving eureka endpoints via configuration
2026-03-30T18:07:18.139Z  WARN [ADMIN-SERVICE,traceId=69cabbd255805658ed9860db5ca59b93,spanId=030716951c250cc5] 1 --- [ADMIN-SERVICE] [http-nio-8084-exec-10] [69cabbd255805658ed9860db5ca59b93-030716951c250cc5] o.s.c.l.core.RoundRobinLoadBalancer      : No servers available for service: localhost
2026-03-30T18:07:50.753Z  WARN [ADMIN-SERVICE,traceId=69cabbf68173a1985b137a2b8a62fe66,spanId=9428b255316dc0f8] 1 --- [ADMIN-SERVICE] [http-nio-8084-exec-1] [69cabbf68173a1985b137a2b8a62fe66-9428b255316dc0f8] o.s.c.l.core.RoundRobinLoadBalancer      : No servers available for service: localhost
2026-03-30T18:10:06.827Z  INFO [ADMIN-SERVICE,traceId=,spanId=] 1 --- [ADMIN-SERVICE] [AsyncResolver-bootstrap-executor-%d] [                                                 ] c.n.d.s.r.aws.ConfigClusterResolver      : Resolving eureka endpoints via configuration
2026-03-30T18:14:43.774Z  INFO [ADMIN-SERVICE,traceId=,spanId=] 1 --- [ADMIN-SERVICE] [AsyncResolver-bootstrap-executor-%d] [                                                 ] c.n.d.s.r.aws.ConfigClusterResolver      : Resolving eureka endpoints via configuration
2026-03-30T18:19:20.732Z  INFO [ADMIN-SERVICE,traceId=,spanId=] 1 --- [ADMIN-SERVICE] [AsyncResolver-bootstrap-executor-%d] [                                                 ] c.n.d.s.r.aws.ConfigClusterResolver      : Resolving eureka endpoints via configuration
2026-03-30T18:23:57.675Z  INFO [ADMIN-SERVICE,traceId=,spanId=] 1 --- [ADMIN-SERVICE] [AsyncResolver-bootstrap-executor-%d] [                                                 ] c.n.d.s.r.aws.ConfigClusterResolver      : Resolving eureka endpoints via configuration
2026-03-30T18:28:34.601Z  INFO [ADMIN-SERVICE,traceId=,spanId=] 1 --- [ADMIN-SERVICE] [AsyncResolver-bootstrap-executor-%d] [                                                 ] c.n.d.s.r.aws.ConfigClusterResolver      : Resolving eureka endpoints via configuration
2026-03-30T18:33:11.477Z  INFO [ADMIN-SERVICE,traceId=,spanId=] 1 --- [ADMIN-SERVICE] [AsyncResolver-bootstrap-executor-%d] [                                                 ] c.n.d.s.r.aws.ConfigClusterResolver      : Resolving eureka endpoints via configuration
2026-03-30T18:37:54.384Z  INFO [ADMIN-SERVICE,traceId=,spanId=] 1 --- [ADMIN-SERVICE] [AsyncResolver-bootstrap-executor-%d] [                                                 ] c.n.d.s.r.aws.ConfigClusterResolver      : Resolving eureka endpoints via configuration
2026-03-30T18:42:31.341Z  INFO [ADMIN-SERVICE,traceId=,spanId=] 1 --- [ADMIN-SERVICE] [AsyncResolver-bootstrap-executor-%d] [                                                 ] c.n.d.s.r.aws.ConfigClusterResolver      : Resolving eureka endpoints via configuration
2026-03-30T18:47:08.351Z  INFO [ADMIN-SERVICE,traceId=,spanId=] 1 --- [ADMIN-SERVICE] [AsyncResolver-bootstrap-executor-%d] [                                                 ] c.n.d.s.r.aws.ConfigClusterResolver      : Resolving eureka endpoints via configuration
2026-03-30T18:52:55.896Z  INFO [ADMIN-SERVICE,traceId=,spanId=] 1 --- [ADMIN-SERVICE] [main] [                                                 ] in.cg.main.AdminServiceApplication       : Starting AdminServiceApplication v0.0.1-SNAPSHOT using Java 21.0.10 with PID 1 (/app/app.jar started by root in /app)
2026-03-30T18:52:56.075Z  INFO [ADMIN-SERVICE,traceId=,spanId=] 1 --- [ADMIN-SERVICE] [main] [                                                 ] in.cg.main.AdminServiceApplication       : No active profile set, falling back to 1 default profile: "default"
2026-03-30T18:54:08.197Z  INFO [ADMIN-SERVICE,traceId=,spanId=] 1 --- [ADMIN-SERVICE] [main] [                                                 ] .s.d.r.c.RepositoryConfigurationDelegate : Bootstrapping Spring Data JPA repositories in DEFAULT mode.
2026-03-30T18:54:10.076Z  INFO [ADMIN-SERVICE,traceId=,spanId=] 1 --- [ADMIN-SERVICE] [main] [                                                 ] .s.d.r.c.RepositoryConfigurationDelegate : Finished Spring Data repository scanning in 1777 ms. Found 4 JPA repository interfaces.
2026-03-30T18:54:20.065Z  INFO [ADMIN-SERVICE,traceId=,spanId=] 1 --- [ADMIN-SERVICE] [main] [                                                 ] o.s.cloud.context.scope.GenericScope     : BeanFactory id=dfacf1e9-9423-36c2-9f67-4db06da90fc7
2026-03-30T18:54:43.026Z  WARN [ADMIN-SERVICE,traceId=,spanId=] 1 --- [ADMIN-SERVICE] [main] [                                                 ] trationDelegate$BeanPostProcessorChecker : Bean 'org.springframework.cloud.client.loadbalancer.LoadBalancerAutoConfiguration$DeferringLoadBalancerInterceptorConfig' of type [org.springframework.cloud.client.loadbalancer.LoadBalancerAutoConfiguration$DeferringLoadBalancerInterceptorConfig] is not eligible for getting processed by all BeanPostProcessors (for example: not eligible for auto-proxying). The currently created BeanPostProcessor [lbRestClientPostProcessor] is declared through a non-static factory method on that class; consider declaring it as static instead.
2026-03-30T18:54:43.100Z  WARN [ADMIN-SERVICE,traceId=,spanId=] 1 --- [ADMIN-SERVICE] [main] [                                                 ] trationDelegate$BeanPostProcessorChecker : Bean 'deferringLoadBalancerInterceptor' of type [org.springframework.cloud.client.loadbalancer.DeferringLoadBalancerInterceptor] is not eligible for getting processed by all BeanPostProcessors (for example: not eligible for auto-proxying). Is this bean getting eagerly injected into a currently created BeanPostProcessor [lbRestClientPostProcessor]? Check the corresponding BeanPostProcessor declaration and its dependencies.
2026-03-30T18:54:51.902Z  INFO [ADMIN-SERVICE,traceId=,spanId=] 1 --- [ADMIN-SERVICE] [main] [                                                 ] o.s.b.w.embedded.tomcat.TomcatWebServer  : Tomcat initialized with port 8084 (http)
2026-03-30T18:54:52.085Z  INFO [ADMIN-SERVICE,traceId=,spanId=] 1 --- [ADMIN-SERVICE] [main] [                                                 ] o.apache.catalina.core.StandardService   : Starting service [Tomcat]
2026-03-30T18:54:52.096Z  INFO [ADMIN-SERVICE,traceId=,spanId=] 1 --- [ADMIN-SERVICE] [main] [                                                 ] o.apache.catalina.core.StandardEngine    : Starting Servlet engine: [Apache Tomcat/10.1.20]
2026-03-30T18:54:52.651Z  INFO [ADMIN-SERVICE,traceId=,spanId=] 1 --- [ADMIN-SERVICE] [main] [                                                 ] o.a.c.c.C.[Tomcat].[localhost].[/]       : Initializing Spring embedded WebApplicationContext
2026-03-30T18:54:52.664Z  INFO [ADMIN-SERVICE,traceId=,spanId=] 1 --- [ADMIN-SERVICE] [main] [                                                 ] w.s.c.ServletWebServerApplicationContext : Root WebApplicationContext: initialization completed in 112962 ms
2026-03-30T18:55:20.316Z  INFO [ADMIN-SERVICE,traceId=,spanId=] 1 --- [ADMIN-SERVICE] [main] [                                                 ] o.hibernate.jpa.internal.util.LogHelper  : HHH000204: Processing PersistenceUnitInfo [name: default]
2026-03-30T18:55:21.569Z  INFO [ADMIN-SERVICE,traceId=,spanId=] 1 --- [ADMIN-SERVICE] [main] [                                                 ] org.hibernate.Version                    : HHH000412: Hibernate ORM core version 6.4.4.Final
2026-03-30T18:55:22.083Z  INFO [ADMIN-SERVICE,traceId=,spanId=] 1 --- [ADMIN-SERVICE] [main] [                                                 ] o.h.c.internal.RegionFactoryInitiator    : HHH000026: Second-level cache disabled
2026-03-30T18:55:25.291Z  INFO [ADMIN-SERVICE,traceId=,spanId=] 1 --- [ADMIN-SERVICE] [main] [                                                 ] o.s.o.j.p.SpringPersistenceUnitInfo      : No LoadTimeWeaver setup: ignoring JPA class transformer
2026-03-30T18:55:26.258Z  INFO [ADMIN-SERVICE,traceId=,spanId=] 1 --- [ADMIN-SERVICE] [main] [                                                 ] com.zaxxer.hikari.HikariDataSource       : HikariPool-1 - Starting...
2026-03-30T18:55:33.236Z  INFO [ADMIN-SERVICE,traceId=,spanId=] 1 --- [ADMIN-SERVICE] [main] [                                                 ] com.zaxxer.hikari.pool.HikariPool        : HikariPool-1 - Added connection com.mysql.cj.jdbc.ConnectionImpl@5df7ae0a
2026-03-30T18:55:33.282Z  INFO [ADMIN-SERVICE,traceId=,spanId=] 1 --- [ADMIN-SERVICE] [main] [                                                 ] com.zaxxer.hikari.HikariDataSource       : HikariPool-1 - Start completed.
2026-03-30T18:55:49.142Z  INFO [ADMIN-SERVICE,traceId=,spanId=] 1 --- [ADMIN-SERVICE] [main] [                                                 ] o.h.e.t.j.p.i.JtaPlatformInitiator       : HHH000489: No JTA platform available (set 'hibernate.transaction.jta.platform' to enable JTA platform integration)
2026-03-30T18:55:51.306Z  INFO [ADMIN-SERVICE,traceId=,spanId=] 1 --- [ADMIN-SERVICE] [main] [                                                 ] j.LocalContainerEntityManagerFactoryBean : Initialized JPA EntityManagerFactory for persistence unit 'default'
