2026-03-30T12:50:50.029Z  INFO [ORDER-SERVICE,traceId=,spanId=] 1 --- [ORDER-SERVICE] [main] [                                                 ] in.cg.main.OrderServiceApplication       : Starting OrderServiceApplication v0.0.1-SNAPSHOT using Java 21.0.10 with PID 1 (/app/app.jar started by root in /app)
2026-03-30T12:50:50.848Z  INFO [ORDER-SERVICE,traceId=,spanId=] 1 --- [ORDER-SERVICE] [main] [                                                 ] in.cg.main.OrderServiceApplication       : No active profile set, falling back to 1 default profile: "default"
2026-03-30T12:51:43.379Z  INFO [ORDER-SERVICE,traceId=,spanId=] 1 --- [ORDER-SERVICE] [main] [                                                 ] .s.d.r.c.RepositoryConfigurationDelegate : Bootstrapping Spring Data JPA repositories in DEFAULT mode.
2026-03-30T12:51:44.851Z  INFO [ORDER-SERVICE,traceId=,spanId=] 1 --- [ORDER-SERVICE] [main] [                                                 ] .s.d.r.c.RepositoryConfigurationDelegate : Finished Spring Data repository scanning in 1382 ms. Found 4 JPA repository interfaces.
2026-03-30T12:51:51.392Z  INFO [ORDER-SERVICE,traceId=,spanId=] 1 --- [ORDER-SERVICE] [main] [                                                 ] o.s.cloud.context.scope.GenericScope     : BeanFactory id=2f305758-a614-3297-a837-400efe36f3ce
2026-03-30T12:51:55.105Z  WARN [ORDER-SERVICE,traceId=,spanId=] 1 --- [ORDER-SERVICE] [main] [                                                 ] trationDelegate$BeanPostProcessorChecker : Bean 'org.springframework.cloud.client.loadbalancer.LoadBalancerAutoConfiguration$DeferringLoadBalancerInterceptorConfig' of type [org.springframework.cloud.client.loadbalancer.LoadBalancerAutoConfiguration$DeferringLoadBalancerInterceptorConfig] is not eligible for getting processed by all BeanPostProcessors (for example: not eligible for auto-proxying). The currently created BeanPostProcessor [lbRestClientPostProcessor] is declared through a non-static factory method on that class; consider declaring it as static instead.
2026-03-30T12:51:55.152Z  WARN [ORDER-SERVICE,traceId=,spanId=] 1 --- [ORDER-SERVICE] [main] [                                                 ] trationDelegate$BeanPostProcessorChecker : Bean 'deferringLoadBalancerInterceptor' of type [org.springframework.cloud.client.loadbalancer.DeferringLoadBalancerInterceptor] is not eligible for getting processed by all BeanPostProcessors (for example: not eligible for auto-proxying). Is this bean getting eagerly injected/applied to a currently created BeanPostProcessor [lbRestClientPostProcessor]? Check the corresponding BeanPostProcessor declaration and its dependencies/advisors. If this bean does not have to be post-processed, declare it with ROLE_INFRASTRUCTURE.
2026-03-30T12:52:02.130Z  INFO [ORDER-SERVICE,traceId=,spanId=] 1 --- [ORDER-SERVICE] [main] [                                                 ] o.s.b.w.embedded.tomcat.TomcatWebServer  : Tomcat initialized with port 8083 (http)
2026-03-30T12:52:02.414Z  INFO [ORDER-SERVICE,traceId=,spanId=] 1 --- [ORDER-SERVICE] [main] [                                                 ] o.apache.catalina.core.StandardService   : Starting service [Tomcat]
2026-03-30T12:52:02.422Z  INFO [ORDER-SERVICE,traceId=,spanId=] 1 --- [ORDER-SERVICE] [main] [                                                 ] o.apache.catalina.core.StandardEngine    : Starting Servlet engine: [Apache Tomcat/10.1.31]
2026-03-30T12:52:02.936Z  INFO [ORDER-SERVICE,traceId=,spanId=] 1 --- [ORDER-SERVICE] [main] [                                                 ] o.a.c.c.C.[Tomcat].[localhost].[/]       : Initializing Spring embedded WebApplicationContext
2026-03-30T12:52:02.941Z  INFO [ORDER-SERVICE,traceId=,spanId=] 1 --- [ORDER-SERVICE] [main] [                                                 ] w.s.c.ServletWebServerApplicationContext : Root WebApplicationContext: initialization completed in 70009 ms
2026-03-30T12:52:14.856Z  INFO [ORDER-SERVICE,traceId=,spanId=] 1 --- [ORDER-SERVICE] [main] [                                                 ] o.hibernate.jpa.internal.util.LogHelper  : HHH000204: Processing PersistenceUnitInfo [name: default]
2026-03-30T12:52:15.623Z  INFO [ORDER-SERVICE,traceId=,spanId=] 1 --- [ORDER-SERVICE] [main] [                                                 ] org.hibernate.Version                    : HHH000412: Hibernate ORM core version 6.5.3.Final
2026-03-30T12:52:16.076Z  INFO [ORDER-SERVICE,traceId=,spanId=] 1 --- [ORDER-SERVICE] [main] [                                                 ] o.h.c.internal.RegionFactoryInitiator    : HHH000026: Second-level cache disabled
2026-03-30T12:52:20.667Z  INFO [ORDER-SERVICE,traceId=,spanId=] 1 --- [ORDER-SERVICE] [main] [                                                 ] o.s.o.j.p.SpringPersistenceUnitInfo      : No LoadTimeWeaver setup: ignoring JPA class transformer
2026-03-30T12:52:20.837Z  INFO [ORDER-SERVICE,traceId=,spanId=] 1 --- [ORDER-SERVICE] [main] [                                                 ] com.zaxxer.hikari.HikariDataSource       : HikariPool-1 - Starting...
2026-03-30T12:52:20.879Z  INFO [ORDER-SERVICE,traceId=,spanId=] 1 --- [ORDER-SERVICE] [main] [                                                 ] com.zaxxer.hikari.pool.HikariPool        : HikariPool-1 - Added connection com.mysql.cj.jdbc.ConnectionImpl@7a0df38e
2026-03-30T12:52:20.946Z  INFO [ORDER-SERVICE,traceId=,spanId=] 1 --- [ORDER-SERVICE] [main] [                                                 ] com.zaxxer.hikari.HikariDataSource       : HikariPool-1 - Start completed.
2026-03-30T12:52:32.354Z  INFO [ORDER-SERVICE,traceId=,spanId=] 1 --- [ORDER-SERVICE] [main] [                                                 ] o.h.e.t.j.p.i.JtaPlatformInitiator       : HHH000489: No JTA platform available (set 'hibernate.transaction.jta.platform' to enable JTA platform integration)
2026-03-30T12:52:33.013Z  INFO [ORDER-SERVICE,traceId=,spanId=] 1 --- [ORDER-SERVICE] [main] [                                                 ] j.LocalContainerEntityManagerFactoryBean : Initialized JPA EntityManagerFactory for persistence unit 'default'
2026-03-30T12:52:42.977Z  WARN [ORDER-SERVICE,traceId=,spanId=] 1 --- [ORDER-SERVICE] [main] [                                                 ] JpaBaseConfiguration$JpaWebConfiguration : spring.jpa.open-in-view is enabled by default. Therefore, database queries may be performed during view rendering. Explicitly configure spring.jpa.open-in-view to disable this warning
2026-03-30T12:52:50.528Z  WARN [ORDER-SERVICE,traceId=,spanId=] 1 --- [ORDER-SERVICE] [main] [                                                 ] .s.s.UserDetailsServiceAutoConfiguration : 

Using generated security password: 515c7ca1-4a97-4d4f-9785-f8bff44977ca

This generated password is for development use only. Your security configuration must be updated before running your application in production.

2026-03-30T12:52:50.764Z  INFO [ORDER-SERVICE,traceId=,spanId=] 1 --- [ORDER-SERVICE] [main] [                                                 ] r$InitializeUserDetailsManagerConfigurer : Global AuthenticationManager configured with UserDetailsService bean with name inMemoryUserDetailsManager
2026-03-30T12:52:56.477Z  INFO [ORDER-SERVICE,traceId=,spanId=] 1 --- [ORDER-SERVICE] [main] [                                                 ] o.s.b.a.e.web.EndpointLinksResolver      : Exposing 1 endpoint beneath base path '/actuator'
2026-03-30T12:53:02.939Z  INFO [ORDER-SERVICE,traceId=,spanId=] 1 --- [ORDER-SERVICE] [main] [                                                 ] DiscoveryClientOptionalArgsConfiguration : Eureka HTTP Client uses RestTemplate.
2026-03-30T12:53:03.264Z  WARN [ORDER-SERVICE,traceId=,spanId=] 1 --- [ORDER-SERVICE] [main] [                                                 ] iguration$LoadBalancerCaffeineWarnLogger : Spring Cloud LoadBalancer is currently working with the default cache. While this cache implementation is useful for development and tests, it's recommended to use Caffeine cache in production.You can switch to using Caffeine cache, by adding it and org.springframework.cache.caffeine.CaffeineCacheManager to the classpath.
2026-03-30T12:53:03.552Z  INFO [ORDER-SERVICE,traceId=,spanId=] 1 --- [ORDER-SERVICE] [main] [                                                 ] o.s.c.n.eureka.InstanceInfoFactory       : Setting initial instance status as: STARTING
2026-03-30T12:53:03.608Z  INFO [ORDER-SERVICE,traceId=,spanId=] 1 --- [ORDER-SERVICE] [main] [                                                 ] com.netflix.discovery.DiscoveryClient    : Initializing Eureka in region us-east-1
2026-03-30T12:53:03.619Z  INFO [ORDER-SERVICE,traceId=,spanId=] 1 --- [ORDER-SERVICE] [main] [                                                 ] c.n.d.s.r.aws.ConfigClusterResolver      : Resolving eureka endpoints via configuration
2026-03-30T12:53:03.637Z  INFO [ORDER-SERVICE,traceId=,spanId=] 1 --- [ORDER-SERVICE] [main] [                                                 ] com.netflix.discovery.DiscoveryClient    : Disable delta property : false
2026-03-30T12:53:03.639Z  INFO [ORDER-SERVICE,traceId=,spanId=] 1 --- [ORDER-SERVICE] [main] [                                                 ] com.netflix.discovery.DiscoveryClient    : Single vip registry refresh property : null
2026-03-30T12:53:03.640Z  INFO [ORDER-SERVICE,traceId=,spanId=] 1 --- [ORDER-SERVICE] [main] [                                                 ] com.netflix.discovery.DiscoveryClient    : Force full registry fetch : false
2026-03-30T12:53:03.641Z  INFO [ORDER-SERVICE,traceId=,spanId=] 1 --- [ORDER-SERVICE] [main] [                                                 ] com.netflix.discovery.DiscoveryClient    : Application is null : false
2026-03-30T12:53:03.642Z  INFO [ORDER-SERVICE,traceId=,spanId=] 1 --- [ORDER-SERVICE] [main] [                                                 ] com.netflix.discovery.DiscoveryClient    : Registered Applications size is zero : true
2026-03-30T12:53:03.642Z  INFO [ORDER-SERVICE,traceId=,spanId=] 1 --- [ORDER-SERVICE] [main] [                                                 ] com.netflix.discovery.DiscoveryClient    : Application version is -1: true
2026-03-30T12:53:03.643Z  INFO [ORDER-SERVICE,traceId=,spanId=] 1 --- [ORDER-SERVICE] [main] [                                                 ] com.netflix.discovery.DiscoveryClient    : Getting all instance registry info from the eureka server
2026-03-30T12:53:04.401Z  INFO [ORDER-SERVICE,traceId=,spanId=] 1 --- [ORDER-SERVICE] [main] [                                                 ] com.netflix.discovery.DiscoveryClient    : The response status is 200
2026-03-30T12:53:04.406Z  INFO [ORDER-SERVICE,traceId=,spanId=] 1 --- [ORDER-SERVICE] [main] [                                                 ] com.netflix.discovery.DiscoveryClient    : Starting heartbeat executor: renew interval is: 30
2026-03-30T12:53:04.412Z  INFO [ORDER-SERVICE,traceId=,spanId=] 1 --- [ORDER-SERVICE] [main] [                                                 ] c.n.discovery.InstanceInfoReplicator     : InstanceInfoReplicator onDemand update allowed rate per min is 4
2026-03-30T12:53:04.417Z  INFO [ORDER-SERVICE,traceId=,spanId=] 1 --- [ORDER-SERVICE] [main] [                                                 ] com.netflix.discovery.DiscoveryClient    : Discovery Client initialized at timestamp 1774875184415 with initial instances count: 3
2026-03-30T12:53:04.435Z  INFO [ORDER-SERVICE,traceId=,spanId=] 1 --- [ORDER-SERVICE] [main] [                                                 ] o.s.c.n.e.s.EurekaServiceRegistry        : Registering application ORDER-SERVICE with eureka with status UP
2026-03-30T12:53:04.438Z  INFO [ORDER-SERVICE,traceId=,spanId=] 1 --- [ORDER-SERVICE] [main] [                                                 ] com.netflix.discovery.DiscoveryClient    : Saw local status change event StatusChangeEvent [timestamp=1774875184438, current=UP, previous=STARTING]
2026-03-30T12:53:04.442Z  INFO [ORDER-SERVICE,traceId=,spanId=] 1 --- [ORDER-SERVICE] [DiscoveryClient-InstanceInfoReplicator-%d] [                                                 ] com.netflix.discovery.DiscoveryClient    : DiscoveryClient_ORDER-SERVICE/07fb93253f58:ORDER-SERVICE:8083: registering service...
2026-03-30T12:53:04.496Z  INFO [ORDER-SERVICE,traceId=,spanId=] 1 --- [ORDER-SERVICE] [main] [                                                 ] o.s.b.w.embedded.tomcat.TomcatWebServer  : Tomcat started on port 8083 (http) with context path '/'
2026-03-30T12:53:04.498Z  INFO [ORDER-SERVICE,traceId=,spanId=] 1 --- [ORDER-SERVICE] [main] [                                                 ] .s.c.n.e.s.EurekaAutoServiceRegistration : Updating port to 8083
2026-03-30T12:53:04.508Z  INFO [ORDER-SERVICE,traceId=,spanId=] 1 --- [ORDER-SERVICE] [main] [                                                 ] o.s.a.r.c.CachingConnectionFactory       : Attempting to connect to: [rabbitmq:5672]
2026-03-30T12:53:04.542Z  INFO [ORDER-SERVICE,traceId=,spanId=] 1 --- [ORDER-SERVICE] [DiscoveryClient-InstanceInfoReplicator-%d] [                                                 ] com.netflix.discovery.DiscoveryClient    : DiscoveryClient_ORDER-SERVICE/07fb93253f58:ORDER-SERVICE:8083 - registration status: 204
2026-03-30T12:53:04.627Z  INFO [ORDER-SERVICE,traceId=,spanId=] 1 --- [ORDER-SERVICE] [main] [                                                 ] o.s.a.r.c.CachingConnectionFactory       : Created new connection: rabbitConnectionFactory#7cf311eb:0/SimpleConnection@28f871d1 [delegate=amqp://guest@172.21.0.6:5672/, localPort=51594]
2026-03-30T12:53:04.829Z  INFO [ORDER-SERVICE,traceId=,spanId=] 1 --- [ORDER-SERVICE] [main] [                                                 ] in.cg.main.OrderServiceApplication       : Started OrderServiceApplication in 147.233 seconds (process running for 189.532)
2026-03-30T12:57:40.581Z  INFO [ORDER-SERVICE,traceId=,spanId=] 1 --- [ORDER-SERVICE] [AsyncResolver-bootstrap-executor-%d] [                                                 ] c.n.d.s.r.aws.ConfigClusterResolver      : Resolving eureka endpoints via configuration
2026-03-30T12:59:00.436Z  INFO [ORDER-SERVICE,traceId=,spanId=] 1 --- [ORDER-SERVICE] [http-nio-8083-exec-1] [                                                 ] o.a.c.c.C.[Tomcat].[localhost].[/]       : Initializing Spring DispatcherServlet 'dispatcherServlet'
2026-03-30T12:59:00.438Z  INFO [ORDER-SERVICE,traceId=,spanId=] 1 --- [ORDER-SERVICE] [http-nio-8083-exec-1] [                                                 ] o.s.web.servlet.DispatcherServlet        : Initializing Servlet 'dispatcherServlet'
2026-03-30T12:59:00.521Z  INFO [ORDER-SERVICE,traceId=,spanId=] 1 --- [ORDER-SERVICE] [http-nio-8083-exec-1] [                                                 ] o.s.web.servlet.DispatcherServlet        : Completed initialization in 81 ms
2026-03-30T12:59:02.652Z  INFO [ORDER-SERVICE,traceId=69ca7394d45b9a1e77d1412916e9fead,spanId=15df1d17f22cf1ba] 1 --- [ORDER-SERVICE] [http-nio-8083-exec-1] [69ca7394d45b9a1e77d1412916e9fead-15df1d17f22cf1ba] o.springdoc.api.AbstractOpenApiResource  : Init duration for springdoc-openapi is: 1654 ms
2026-03-30T13:02:17.530Z  INFO [ORDER-SERVICE,traceId=,spanId=] 1 --- [ORDER-SERVICE] [AsyncResolver-bootstrap-executor-%d] [                                                 ] c.n.d.s.r.aws.ConfigClusterResolver      : Resolving eureka endpoints via configuration
2026-03-30T13:06:37.673Z  INFO [ORDER-SERVICE,traceId=,spanId=] 1 --- [ORDER-SERVICE] [SpringApplicationShutdownHook] [                                                 ] o.s.c.n.e.s.EurekaServiceRegistry        : Unregistering application ORDER-SERVICE with eureka with status DOWN
2026-03-30T13:06:37.692Z  INFO [ORDER-SERVICE,traceId=,spanId=] 1 --- [ORDER-SERVICE] [SpringApplicationShutdownHook] [                                                 ] com.netflix.discovery.DiscoveryClient    : Saw local status change event StatusChangeEvent [timestamp=1774875997692, current=DOWN, previous=UP]
2026-03-30T13:06:37.738Z  INFO [ORDER-SERVICE,traceId=,spanId=] 1 --- [ORDER-SERVICE] [DiscoveryClient-InstanceInfoReplicator-%d] [                                                 ] com.netflix.discovery.DiscoveryClient    : DiscoveryClient_ORDER-SERVICE/07fb93253f58:ORDER-SERVICE:8083: registering service...
2026-03-30T13:06:37.950Z  INFO [ORDER-SERVICE,traceId=,spanId=] 1 --- [ORDER-SERVICE] [DiscoveryClient-InstanceInfoReplicator-%d] [                                                 ] com.netflix.discovery.DiscoveryClient    : DiscoveryClient_ORDER-SERVICE/07fb93253f58:ORDER-SERVICE:8083 - registration status: 204
2026-03-30T13:06:38.141Z  INFO [ORDER-SERVICE,traceId=,spanId=] 1 --- [ORDER-SERVICE] [org.springframework.amqp.rabbit.RabbitListenerEndpointContainer#0-2] [                                                 ] o.s.a.r.l.SimpleMessageListenerContainer : Waiting for workers to finish.
2026-03-30T13:06:38.376Z  INFO [ORDER-SERVICE,traceId=,spanId=] 1 --- [ORDER-SERVICE] [org.springframework.amqp.rabbit.RabbitListenerEndpointContainer#0-2] [                                                 ] o.s.a.r.l.SimpleMessageListenerContainer : Successfully waited for workers to finish.
2026-03-30T13:11:30.842Z  INFO [ORDER-SERVICE,traceId=,spanId=] 1 --- [ORDER-SERVICE] [main] [                                                 ] in.cg.main.OrderServiceApplication       : Starting OrderServiceApplication v0.0.1-SNAPSHOT using Java 21.0.10 with PID 1 (/app/app.jar started by root in /app)
2026-03-30T13:11:31.024Z  INFO [ORDER-SERVICE,traceId=,spanId=] 1 --- [ORDER-SERVICE] [main] [                                                 ] in.cg.main.OrderServiceApplication       : No active profile set, falling back to 1 default profile: "default"
2026-03-30T13:12:51.669Z  INFO [ORDER-SERVICE,traceId=,spanId=] 1 --- [ORDER-SERVICE] [main] [                                                 ] .s.d.r.c.RepositoryConfigurationDelegate : Bootstrapping Spring Data JPA repositories in DEFAULT mode.
2026-03-30T13:12:53.826Z  INFO [ORDER-SERVICE,traceId=,spanId=] 1 --- [ORDER-SERVICE] [main] [                                                 ] .s.d.r.c.RepositoryConfigurationDelegate : Finished Spring Data repository scanning in 2016 ms. Found 4 JPA repository interfaces.
2026-03-30T13:13:00.905Z  INFO [ORDER-SERVICE,traceId=,spanId=] 1 --- [ORDER-SERVICE] [main] [                                                 ] o.s.cloud.context.scope.GenericScope     : BeanFactory id=2f305758-a614-3297-a837-400efe36f3ce
2026-03-30T13:13:06.233Z  WARN [ORDER-SERVICE,traceId=,spanId=] 1 --- [ORDER-SERVICE] [main] [                                                 ] trationDelegate$BeanPostProcessorChecker : Bean 'org.springframework.cloud.client.loadbalancer.LoadBalancerAutoConfiguration$DeferringLoadBalancerInterceptorConfig' of type [org.springframework.cloud.client.loadbalancer.LoadBalancerAutoConfiguration$DeferringLoadBalancerInterceptorConfig] is not eligible for getting processed by all BeanPostProcessors (for example: not eligible for auto-proxying). The currently created BeanPostProcessor [lbRestClientPostProcessor] is declared through a non-static factory method on that class; consider declaring it as static instead.
2026-03-30T13:13:06.309Z  WARN [ORDER-SERVICE,traceId=,spanId=] 1 --- [ORDER-SERVICE] [main] [                                                 ] trationDelegate$BeanPostProcessorChecker : Bean 'deferringLoadBalancerInterceptor' of type [org.springframework.cloud.client.loadbalancer.DeferringLoadBalancerInterceptor] is not eligible for getting processed by all BeanPostProcessors (for example: not eligible for auto-proxying). Is this bean getting eagerly injected/applied to a currently created BeanPostProcessor [lbRestClientPostProcessor]? Check the corresponding BeanPostProcessor declaration and its dependencies/advisors. If this bean does not have to be post-processed, declare it with ROLE_INFRASTRUCTURE.
2026-03-30T13:13:08.295Z  INFO [ORDER-SERVICE,traceId=,spanId=] 1 --- [ORDER-SERVICE] [main] [                                                 ] o.s.b.w.embedded.tomcat.TomcatWebServer  : Tomcat initialized with port 8083 (http)
2026-03-30T13:13:08.668Z  INFO [ORDER-SERVICE,traceId=,spanId=] 1 --- [ORDER-SERVICE] [main] [                                                 ] o.apache.catalina.core.StandardService   : Starting service [Tomcat]
2026-03-30T13:13:08.689Z  INFO [ORDER-SERVICE,traceId=,spanId=] 1 --- [ORDER-SERVICE] [main] [                                                 ] o.apache.catalina.core.StandardEngine    : Starting Servlet engine: [Apache Tomcat/10.1.31]
2026-03-30T13:13:09.395Z  INFO [ORDER-SERVICE,traceId=,spanId=] 1 --- [ORDER-SERVICE] [main] [                                                 ] o.a.c.c.C.[Tomcat].[localhost].[/]       : Initializing Spring embedded WebApplicationContext
2026-03-30T13:13:09.398Z  INFO [ORDER-SERVICE,traceId=,spanId=] 1 --- [ORDER-SERVICE] [main] [                                                 ] w.s.c.ServletWebServerApplicationContext : Root WebApplicationContext: initialization completed in 96379 ms
2026-03-30T13:13:34.466Z  INFO [ORDER-SERVICE,traceId=,spanId=] 1 --- [ORDER-SERVICE] [main] [                                                 ] o.hibernate.jpa.internal.util.LogHelper  : HHH000204: Processing PersistenceUnitInfo [name: default]
2026-03-30T13:13:37.500Z  INFO [ORDER-SERVICE,traceId=,spanId=] 1 --- [ORDER-SERVICE] [main] [                                                 ] org.hibernate.Version                    : HHH000412: Hibernate ORM core version 6.5.3.Final
2026-03-30T13:13:37.921Z  INFO [ORDER-SERVICE,traceId=,spanId=] 1 --- [ORDER-SERVICE] [main] [                                                 ] o.h.c.internal.RegionFactoryInitiator    : HHH000026: Second-level cache disabled
2026-03-30T13:13:47.676Z  INFO [ORDER-SERVICE,traceId=,spanId=] 1 --- [ORDER-SERVICE] [main] [                                                 ] o.s.o.j.p.SpringPersistenceUnitInfo      : No LoadTimeWeaver setup: ignoring JPA class transformer
2026-03-30T13:13:49.241Z  INFO [ORDER-SERVICE,traceId=,spanId=] 1 --- [ORDER-SERVICE] [main] [                                                 ] com.zaxxer.hikari.HikariDataSource       : HikariPool-1 - Starting...
2026-03-30T13:13:59.283Z  INFO [ORDER-SERVICE,traceId=,spanId=] 1 --- [ORDER-SERVICE] [main] [                                                 ] com.zaxxer.hikari.pool.HikariPool        : HikariPool-1 - Added connection com.mysql.cj.jdbc.ConnectionImpl@1ac30be4
2026-03-30T13:13:59.329Z  INFO [ORDER-SERVICE,traceId=,spanId=] 1 --- [ORDER-SERVICE] [main] [                                                 ] com.zaxxer.hikari.HikariDataSource       : HikariPool-1 - Start completed.
2026-03-30T13:14:18.725Z  INFO [ORDER-SERVICE,traceId=,spanId=] 1 --- [ORDER-SERVICE] [main] [                                                 ] o.h.e.t.j.p.i.JtaPlatformInitiator       : HHH000489: No JTA platform available (set 'hibernate.transaction.jta.platform' to enable JTA platform integration)
2026-03-30T13:14:20.194Z  INFO [ORDER-SERVICE,traceId=,spanId=] 1 --- [ORDER-SERVICE] [main] [                                                 ] j.LocalContainerEntityManagerFactoryBean : Initialized JPA EntityManagerFactory for persistence unit 'default'
2026-03-30T13:14:31.779Z  WARN [ORDER-SERVICE,traceId=,spanId=] 1 --- [ORDER-SERVICE] [main] [                                                 ] JpaBaseConfiguration$JpaWebConfiguration : spring.jpa.open-in-view is enabled by default. Therefore, database queries may be performed during view rendering. Explicitly configure spring.jpa.open-in-view to disable this warning
2026-03-30T13:14:37.774Z  WARN [ORDER-SERVICE,traceId=,spanId=] 1 --- [ORDER-SERVICE] [main] [                                                 ] .s.s.UserDetailsServiceAutoConfiguration : 

Using generated security password: f0dace74-d54c-4c31-8f04-1b2bbf9ca272

This generated password is for development use only. Your security configuration must be updated before running your application in production.

2026-03-30T13:14:37.911Z  INFO [ORDER-SERVICE,traceId=,spanId=] 1 --- [ORDER-SERVICE] [main] [                                                 ] r$InitializeUserDetailsManagerConfigurer : Global AuthenticationManager configured with UserDetailsService bean with name inMemoryUserDetailsManager
2026-03-30T13:14:44.994Z  INFO [ORDER-SERVICE,traceId=,spanId=] 1 --- [ORDER-SERVICE] [main] [                                                 ] o.s.b.a.e.web.EndpointLinksResolver      : Exposing 1 endpoint beneath base path '/actuator'
2026-03-30T13:14:55.335Z  INFO [ORDER-SERVICE,traceId=,spanId=] 1 --- [ORDER-SERVICE] [main] [                                                 ] DiscoveryClientOptionalArgsConfiguration : Eureka HTTP Client uses RestTemplate.
2026-03-30T13:14:55.585Z  WARN [ORDER-SERVICE,traceId=,spanId=] 1 --- [ORDER-SERVICE] [main] [                                                 ] iguration$LoadBalancerCaffeineWarnLogger : Spring Cloud LoadBalancer is currently working with the default cache. While this cache implementation is useful for development and tests, it's recommended to use Caffeine cache in production.You can switch to using Caffeine cache, by adding it and org.springframework.cache.caffeine.CaffeineCacheManager to the classpath.
2026-03-30T13:14:56.329Z  INFO [ORDER-SERVICE,traceId=,spanId=] 1 --- [ORDER-SERVICE] [main] [                                                 ] o.s.c.n.eureka.InstanceInfoFactory       : Setting initial instance status as: STARTING
2026-03-30T13:14:56.398Z  INFO [ORDER-SERVICE,traceId=,spanId=] 1 --- [ORDER-SERVICE] [main] [                                                 ] com.netflix.discovery.DiscoveryClient    : Initializing Eureka in region us-east-1
2026-03-30T13:14:56.406Z  INFO [ORDER-SERVICE,traceId=,spanId=] 1 --- [ORDER-SERVICE] [main] [                                                 ] c.n.d.s.r.aws.ConfigClusterResolver      : Resolving eureka endpoints via configuration
2026-03-30T13:14:56.426Z  INFO [ORDER-SERVICE,traceId=,spanId=] 1 --- [ORDER-SERVICE] [main] [                                                 ] com.netflix.discovery.DiscoveryClient    : Disable delta property : false
2026-03-30T13:14:56.428Z  INFO [ORDER-SERVICE,traceId=,spanId=] 1 --- [ORDER-SERVICE] [main] [                                                 ] com.netflix.discovery.DiscoveryClient    : Single vip registry refresh property : null
2026-03-30T13:14:56.429Z  INFO [ORDER-SERVICE,traceId=,spanId=] 1 --- [ORDER-SERVICE] [main] [                                                 ] com.netflix.discovery.DiscoveryClient    : Force full registry fetch : false
2026-03-30T13:14:56.430Z  INFO [ORDER-SERVICE,traceId=,spanId=] 1 --- [ORDER-SERVICE] [main] [                                                 ] com.netflix.discovery.DiscoveryClient    : Application is null : false
2026-03-30T13:14:56.430Z  INFO [ORDER-SERVICE,traceId=,spanId=] 1 --- [ORDER-SERVICE] [main] [                                                 ] com.netflix.discovery.DiscoveryClient    : Registered Applications size is zero : true
2026-03-30T13:14:56.431Z  INFO [ORDER-SERVICE,traceId=,spanId=] 1 --- [ORDER-SERVICE] [main] [                                                 ] com.netflix.discovery.DiscoveryClient    : Application version is -1: true
2026-03-30T13:14:56.431Z  INFO [ORDER-SERVICE,traceId=,spanId=] 1 --- [ORDER-SERVICE] [main] [                                                 ] com.netflix.discovery.DiscoveryClient    : Getting all instance registry info from the eureka server
2026-03-30T13:14:59.631Z  INFO [ORDER-SERVICE,traceId=,spanId=] 1 --- [ORDER-SERVICE] [main] [                                                 ] com.netflix.discovery.DiscoveryClient    : The response status is 200
2026-03-30T13:14:59.635Z  INFO [ORDER-SERVICE,traceId=,spanId=] 1 --- [ORDER-SERVICE] [main] [                                                 ] com.netflix.discovery.DiscoveryClient    : Starting heartbeat executor: renew interval is: 30
2026-03-30T13:14:59.640Z  INFO [ORDER-SERVICE,traceId=,spanId=] 1 --- [ORDER-SERVICE] [main] [                                                 ] c.n.discovery.InstanceInfoReplicator     : InstanceInfoReplicator onDemand update allowed rate per min is 4
2026-03-30T13:14:59.646Z  INFO [ORDER-SERVICE,traceId=,spanId=] 1 --- [ORDER-SERVICE] [main] [                                                 ] com.netflix.discovery.DiscoveryClient    : Discovery Client initialized at timestamp 1774876499644 with initial instances count: 1
2026-03-30T13:14:59.661Z  INFO [ORDER-SERVICE,traceId=,spanId=] 1 --- [ORDER-SERVICE] [main] [                                                 ] o.s.c.n.e.s.EurekaServiceRegistry        : Registering application ORDER-SERVICE with eureka with status UP
2026-03-30T13:14:59.664Z  INFO [ORDER-SERVICE,traceId=,spanId=] 1 --- [ORDER-SERVICE] [main] [                                                 ] com.netflix.discovery.DiscoveryClient    : Saw local status change event StatusChangeEvent [timestamp=1774876499664, current=UP, previous=STARTING]
2026-03-30T13:14:59.671Z  INFO [ORDER-SERVICE,traceId=,spanId=] 1 --- [ORDER-SERVICE] [DiscoveryClient-InstanceInfoReplicator-%d] [                                                 ] com.netflix.discovery.DiscoveryClient    : DiscoveryClient_ORDER-SERVICE/bbe15d7d86a2:ORDER-SERVICE:8083: registering service...
2026-03-30T13:14:59.726Z  INFO [ORDER-SERVICE,traceId=,spanId=] 1 --- [ORDER-SERVICE] [main] [                                                 ] o.s.b.w.embedded.tomcat.TomcatWebServer  : Tomcat started on port 8083 (http) with context path '/'
2026-03-30T13:14:59.729Z  INFO [ORDER-SERVICE,traceId=,spanId=] 1 --- [ORDER-SERVICE] [main] [                                                 ] .s.c.n.e.s.EurekaAutoServiceRegistration : Updating port to 8083
2026-03-30T13:14:59.738Z  INFO [ORDER-SERVICE,traceId=,spanId=] 1 --- [ORDER-SERVICE] [main] [                                                 ] o.s.a.r.c.CachingConnectionFactory       : Attempting to connect to: [rabbitmq:5672]
2026-03-30T13:14:59.808Z  INFO [ORDER-SERVICE,traceId=,spanId=] 1 --- [ORDER-SERVICE] [DiscoveryClient-InstanceInfoReplicator-%d] [                                                 ] com.netflix.discovery.DiscoveryClient    : DiscoveryClient_ORDER-SERVICE/bbe15d7d86a2:ORDER-SERVICE:8083 - registration status: 204
2026-03-30T13:14:59.937Z  INFO [ORDER-SERVICE,traceId=,spanId=] 1 --- [ORDER-SERVICE] [main] [                                                 ] o.s.a.r.c.CachingConnectionFactory       : Created new connection: rabbitConnectionFactory#10095d95:0/SimpleConnection@5b19b5d5 [delegate=amqp://guest@172.21.0.6:5672/, localPort=57922]
2026-03-30T13:15:00.259Z  INFO [ORDER-SERVICE,traceId=,spanId=] 1 --- [ORDER-SERVICE] [main] [                                                 ] in.cg.main.OrderServiceApplication       : Started OrderServiceApplication in 223.744 seconds (process running for 267.562)
2026-03-30T13:17:17.466Z  INFO [ORDER-SERVICE,traceId=,spanId=] 1 --- [ORDER-SERVICE] [SpringApplicationShutdownHook] [                                                 ] o.s.c.n.e.s.EurekaServiceRegistry        : Unregistering application ORDER-SERVICE with eureka with status DOWN
2026-03-30T13:17:17.475Z  INFO [ORDER-SERVICE,traceId=,spanId=] 1 --- [ORDER-SERVICE] [SpringApplicationShutdownHook] [                                                 ] com.netflix.discovery.DiscoveryClient    : Saw local status change event StatusChangeEvent [timestamp=1774876637475, current=DOWN, previous=UP]
2026-03-30T13:17:17.476Z  INFO [ORDER-SERVICE,traceId=,spanId=] 1 --- [ORDER-SERVICE] [DiscoveryClient-InstanceInfoReplicator-%d] [                                                 ] com.netflix.discovery.DiscoveryClient    : DiscoveryClient_ORDER-SERVICE/bbe15d7d86a2:ORDER-SERVICE:8083: registering service...
2026-03-30T13:17:17.709Z  INFO [ORDER-SERVICE,traceId=,spanId=] 1 --- [ORDER-SERVICE] [DiscoveryClient-InstanceInfoReplicator-%d] [                                                 ] com.netflix.discovery.DiscoveryClient    : DiscoveryClient_ORDER-SERVICE/bbe15d7d86a2:ORDER-SERVICE:8083 - registration status: 204
2026-03-30T13:17:17.725Z  INFO [ORDER-SERVICE,traceId=,spanId=] 1 --- [ORDER-SERVICE] [org.springframework.amqp.rabbit.RabbitListenerEndpointContainer#0-2] [                                                 ] o.s.a.r.l.SimpleMessageListenerContainer : Waiting for workers to finish.
2026-03-30T13:17:17.881Z  INFO [ORDER-SERVICE,traceId=,spanId=] 1 --- [ORDER-SERVICE] [org.springframework.amqp.rabbit.RabbitListenerEndpointContainer#0-2] [                                                 ] o.s.a.r.l.SimpleMessageListenerContainer : Successfully waited for workers to finish.
2026-03-30T17:53:35.359Z  INFO [ORDER-SERVICE,traceId=,spanId=] 1 --- [ORDER-SERVICE] [main] [                                                 ] in.cg.main.OrderServiceApplication       : Starting OrderServiceApplication v0.0.1-SNAPSHOT using Java 21.0.10 with PID 1 (/app/app.jar started by root in /app)
2026-03-30T17:53:35.605Z  INFO [ORDER-SERVICE,traceId=,spanId=] 1 --- [ORDER-SERVICE] [main] [                                                 ] in.cg.main.OrderServiceApplication       : No active profile set, falling back to 1 default profile: "default"
2026-03-30T17:54:44.692Z  INFO [ORDER-SERVICE,traceId=,spanId=] 1 --- [ORDER-SERVICE] [main] [                                                 ] .s.d.r.c.RepositoryConfigurationDelegate : Bootstrapping Spring Data JPA repositories in DEFAULT mode.
2026-03-30T17:54:48.489Z  INFO [ORDER-SERVICE,traceId=,spanId=] 1 --- [ORDER-SERVICE] [main] [                                                 ] .s.d.r.c.RepositoryConfigurationDelegate : Finished Spring Data repository scanning in 3621 ms. Found 4 JPA repository interfaces.
2026-03-30T17:54:55.137Z  INFO [ORDER-SERVICE,traceId=,spanId=] 1 --- [ORDER-SERVICE] [main] [                                                 ] o.s.cloud.context.scope.GenericScope     : BeanFactory id=e403aa14-efa0-3de8-abde-ccab89e3d85d
2026-03-30T17:55:00.998Z  WARN [ORDER-SERVICE,traceId=,spanId=] 1 --- [ORDER-SERVICE] [main] [                                                 ] trationDelegate$BeanPostProcessorChecker : Bean 'org.springframework.cloud.client.loadbalancer.LoadBalancerAutoConfiguration$DeferringLoadBalancerInterceptorConfig' of type [org.springframework.cloud.client.loadbalancer.LoadBalancerAutoConfiguration$DeferringLoadBalancerInterceptorConfig] is not eligible for getting processed by all BeanPostProcessors (for example: not eligible for auto-proxying). The currently created BeanPostProcessor [lbRestClientPostProcessor] is declared through a non-static factory method on that class; consider declaring it as static instead.
2026-03-30T17:55:01.093Z  WARN [ORDER-SERVICE,traceId=,spanId=] 1 --- [ORDER-SERVICE] [main] [                                                 ] trationDelegate$BeanPostProcessorChecker : Bean 'deferringLoadBalancerInterceptor' of type [org.springframework.cloud.client.loadbalancer.DeferringLoadBalancerInterceptor] is not eligible for getting processed by all BeanPostProcessors (for example: not eligible for auto-proxying). Is this bean getting eagerly injected/applied to a currently created BeanPostProcessor [lbRestClientPostProcessor]? Check the corresponding BeanPostProcessor declaration and its dependencies/advisors. If this bean does not have to be post-processed, declare it with ROLE_INFRASTRUCTURE.
2026-03-30T17:55:06.843Z  INFO [ORDER-SERVICE,traceId=,spanId=] 1 --- [ORDER-SERVICE] [main] [                                                 ] o.s.b.w.embedded.tomcat.TomcatWebServer  : Tomcat initialized with port 8083 (http)
2026-03-30T17:55:06.941Z  INFO [ORDER-SERVICE,traceId=,spanId=] 1 --- [ORDER-SERVICE] [main] [                                                 ] o.apache.catalina.core.StandardService   : Starting service [Tomcat]
2026-03-30T17:55:06.947Z  INFO [ORDER-SERVICE,traceId=,spanId=] 1 --- [ORDER-SERVICE] [main] [                                                 ] o.apache.catalina.core.StandardEngine    : Starting Servlet engine: [Apache Tomcat/10.1.31]
2026-03-30T17:55:07.269Z  INFO [ORDER-SERVICE,traceId=,spanId=] 1 --- [ORDER-SERVICE] [main] [                                                 ] o.a.c.c.C.[Tomcat].[localhost].[/]       : Initializing Spring embedded WebApplicationContext
2026-03-30T17:55:07.280Z  INFO [ORDER-SERVICE,traceId=,spanId=] 1 --- [ORDER-SERVICE] [main] [                                                 ] w.s.c.ServletWebServerApplicationContext : Root WebApplicationContext: initialization completed in 83181 ms
2026-03-30T17:55:20.225Z  INFO [ORDER-SERVICE,traceId=,spanId=] 1 --- [ORDER-SERVICE] [main] [                                                 ] o.hibernate.jpa.internal.util.LogHelper  : HHH000204: Processing PersistenceUnitInfo [name: default]
2026-03-30T17:55:21.328Z  INFO [ORDER-SERVICE,traceId=,spanId=] 1 --- [ORDER-SERVICE] [main] [                                                 ] org.hibernate.Version                    : HHH000412: Hibernate ORM core version 6.5.3.Final
2026-03-30T17:55:21.895Z  INFO [ORDER-SERVICE,traceId=,spanId=] 1 --- [ORDER-SERVICE] [main] [                                                 ] o.h.c.internal.RegionFactoryInitiator    : HHH000026: Second-level cache disabled
2026-03-30T17:55:25.062Z  INFO [ORDER-SERVICE,traceId=,spanId=] 1 --- [ORDER-SERVICE] [main] [                                                 ] o.s.o.j.p.SpringPersistenceUnitInfo      : No LoadTimeWeaver setup: ignoring JPA class transformer
2026-03-30T17:55:25.671Z  INFO [ORDER-SERVICE,traceId=,spanId=] 1 --- [ORDER-SERVICE] [main] [                                                 ] com.zaxxer.hikari.HikariDataSource       : HikariPool-1 - Starting...
2026-03-30T17:55:32.986Z  INFO [ORDER-SERVICE,traceId=,spanId=] 1 --- [ORDER-SERVICE] [main] [                                                 ] com.zaxxer.hikari.pool.HikariPool        : HikariPool-1 - Added connection com.mysql.cj.jdbc.ConnectionImpl@17d25e1d
2026-03-30T17:55:33.194Z  INFO [ORDER-SERVICE,traceId=,spanId=] 1 --- [ORDER-SERVICE] [main] [                                                 ] com.zaxxer.hikari.HikariDataSource       : HikariPool-1 - Start completed.
2026-03-30T17:55:47.161Z  INFO [ORDER-SERVICE,traceId=,spanId=] 1 --- [ORDER-SERVICE] [main] [                                                 ] o.h.e.t.j.p.i.JtaPlatformInitiator       : HHH000489: No JTA platform available (set 'hibernate.transaction.jta.platform' to enable JTA platform integration)
2026-03-30T17:55:47.919Z  INFO [ORDER-SERVICE,traceId=,spanId=] 1 --- [ORDER-SERVICE] [main] [                                                 ] j.LocalContainerEntityManagerFactoryBean : Initialized JPA EntityManagerFactory for persistence unit 'default'
2026-03-30T17:55:57.837Z  WARN [ORDER-SERVICE,traceId=,spanId=] 1 --- [ORDER-SERVICE] [main] [                                                 ] JpaBaseConfiguration$JpaWebConfiguration : spring.jpa.open-in-view is enabled by default. Therefore, database queries may be performed during view rendering. Explicitly configure spring.jpa.open-in-view to disable this warning
2026-03-30T17:56:08.929Z  WARN [ORDER-SERVICE,traceId=,spanId=] 1 --- [ORDER-SERVICE] [main] [                                                 ] .s.s.UserDetailsServiceAutoConfiguration : 

Using generated security password: 14421ba2-9390-4834-9331-dac937292541

This generated password is for development use only. Your security configuration must be updated before running your application in production.

2026-03-30T17:56:09.317Z  INFO [ORDER-SERVICE,traceId=,spanId=] 1 --- [ORDER-SERVICE] [main] [                                                 ] r$InitializeUserDetailsManagerConfigurer : Global AuthenticationManager configured with UserDetailsService bean with name inMemoryUserDetailsManager
2026-03-30T17:56:18.320Z  INFO [ORDER-SERVICE,traceId=,spanId=] 1 --- [ORDER-SERVICE] [main] [                                                 ] o.s.b.a.e.web.EndpointLinksResolver      : Exposing 1 endpoint beneath base path '/actuator'
2026-03-30T17:56:23.290Z  INFO [ORDER-SERVICE,traceId=,spanId=] 1 --- [ORDER-SERVICE] [main] [                                                 ] DiscoveryClientOptionalArgsConfiguration : Eureka HTTP Client uses RestTemplate.
2026-03-30T17:56:23.562Z  WARN [ORDER-SERVICE,traceId=,spanId=] 1 --- [ORDER-SERVICE] [main] [                                                 ] iguration$LoadBalancerCaffeineWarnLogger : Spring Cloud LoadBalancer is currently working with the default cache. While this cache implementation is useful for development and tests, it's recommended to use Caffeine cache in production.You can switch to using Caffeine cache, by adding it and org.springframework.cache.caffeine.CaffeineCacheManager to the classpath.
2026-03-30T17:56:24.190Z  INFO [ORDER-SERVICE,traceId=,spanId=] 1 --- [ORDER-SERVICE] [main] [                                                 ] o.s.c.n.eureka.InstanceInfoFactory       : Setting initial instance status as: STARTING
2026-03-30T17:56:24.305Z  INFO [ORDER-SERVICE,traceId=,spanId=] 1 --- [ORDER-SERVICE] [main] [                                                 ] com.netflix.discovery.DiscoveryClient    : Initializing Eureka in region us-east-1
2026-03-30T17:56:24.316Z  INFO [ORDER-SERVICE,traceId=,spanId=] 1 --- [ORDER-SERVICE] [main] [                                                 ] c.n.d.s.r.aws.ConfigClusterResolver      : Resolving eureka endpoints via configuration
2026-03-30T17:56:24.336Z  INFO [ORDER-SERVICE,traceId=,spanId=] 1 --- [ORDER-SERVICE] [main] [                                                 ] com.netflix.discovery.DiscoveryClient    : Disable delta property : false
2026-03-30T17:56:24.337Z  INFO [ORDER-SERVICE,traceId=,spanId=] 1 --- [ORDER-SERVICE] [main] [                                                 ] com.netflix.discovery.DiscoveryClient    : Single vip registry refresh property : null
2026-03-30T17:56:24.338Z  INFO [ORDER-SERVICE,traceId=,spanId=] 1 --- [ORDER-SERVICE] [main] [                                                 ] com.netflix.discovery.DiscoveryClient    : Force full registry fetch : false
2026-03-30T17:56:24.339Z  INFO [ORDER-SERVICE,traceId=,spanId=] 1 --- [ORDER-SERVICE] [main] [                                                 ] com.netflix.discovery.DiscoveryClient    : Application is null : false
2026-03-30T17:56:24.340Z  INFO [ORDER-SERVICE,traceId=,spanId=] 1 --- [ORDER-SERVICE] [main] [                                                 ] com.netflix.discovery.DiscoveryClient    : Registered Applications size is zero : true
2026-03-30T17:56:24.340Z  INFO [ORDER-SERVICE,traceId=,spanId=] 1 --- [ORDER-SERVICE] [main] [                                                 ] com.netflix.discovery.DiscoveryClient    : Application version is -1: true
2026-03-30T17:56:24.341Z  INFO [ORDER-SERVICE,traceId=,spanId=] 1 --- [ORDER-SERVICE] [main] [                                                 ] com.netflix.discovery.DiscoveryClient    : Getting all instance registry info from the eureka server
2026-03-30T17:56:25.677Z  INFO [ORDER-SERVICE,traceId=,spanId=] 1 --- [ORDER-SERVICE] [main] [                                                 ] com.netflix.discovery.DiscoveryClient    : The response status is 200
2026-03-30T17:56:25.682Z  INFO [ORDER-SERVICE,traceId=,spanId=] 1 --- [ORDER-SERVICE] [main] [                                                 ] com.netflix.discovery.DiscoveryClient    : Starting heartbeat executor: renew interval is: 30
2026-03-30T17:56:25.688Z  INFO [ORDER-SERVICE,traceId=,spanId=] 1 --- [ORDER-SERVICE] [main] [                                                 ] c.n.discovery.InstanceInfoReplicator     : InstanceInfoReplicator onDemand update allowed rate per min is 4
2026-03-30T17:56:25.695Z  INFO [ORDER-SERVICE,traceId=,spanId=] 1 --- [ORDER-SERVICE] [main] [                                                 ] com.netflix.discovery.DiscoveryClient    : Discovery Client initialized at timestamp 1774893385692 with initial instances count: 1
2026-03-30T17:56:25.722Z  INFO [ORDER-SERVICE,traceId=,spanId=] 1 --- [ORDER-SERVICE] [main] [                                                 ] o.s.c.n.e.s.EurekaServiceRegistry        : Registering application ORDER-SERVICE with eureka with status UP
2026-03-30T17:56:25.725Z  INFO [ORDER-SERVICE,traceId=,spanId=] 1 --- [ORDER-SERVICE] [main] [                                                 ] com.netflix.discovery.DiscoveryClient    : Saw local status change event StatusChangeEvent [timestamp=1774893385725, current=UP, previous=STARTING]
2026-03-30T17:56:25.731Z  INFO [ORDER-SERVICE,traceId=,spanId=] 1 --- [ORDER-SERVICE] [DiscoveryClient-InstanceInfoReplicator-%d] [                                                 ] com.netflix.discovery.DiscoveryClient    : DiscoveryClient_ORDER-SERVICE/59aba9a9d646:ORDER-SERVICE:8083: registering service...
2026-03-30T17:56:25.816Z  INFO [ORDER-SERVICE,traceId=,spanId=] 1 --- [ORDER-SERVICE] [main] [                                                 ] o.s.b.w.embedded.tomcat.TomcatWebServer  : Tomcat started on port 8083 (http) with context path '/'
2026-03-30T17:56:25.828Z  INFO [ORDER-SERVICE,traceId=,spanId=] 1 --- [ORDER-SERVICE] [main] [                                                 ] .s.c.n.e.s.EurekaAutoServiceRegistration : Updating port to 8083
2026-03-30T17:56:25.852Z  INFO [ORDER-SERVICE,traceId=,spanId=] 1 --- [ORDER-SERVICE] [main] [                                                 ] o.s.a.r.c.CachingConnectionFactory       : Attempting to connect to: [rabbitmq:5672]
2026-03-30T17:56:25.900Z  INFO [ORDER-SERVICE,traceId=,spanId=] 1 --- [ORDER-SERVICE] [DiscoveryClient-InstanceInfoReplicator-%d] [                                                 ] com.netflix.discovery.DiscoveryClient    : DiscoveryClient_ORDER-SERVICE/59aba9a9d646:ORDER-SERVICE:8083 - registration status: 204
2026-03-30T17:56:26.033Z  INFO [ORDER-SERVICE,traceId=,spanId=] 1 --- [ORDER-SERVICE] [main] [                                                 ] o.s.a.r.c.CachingConnectionFactory       : Created new connection: rabbitConnectionFactory#76fc11ab:0/SimpleConnection@4a73cc75 [delegate=amqp://guest@172.21.0.6:5672/, localPort=54228]
2026-03-30T17:56:26.436Z  INFO [ORDER-SERVICE,traceId=,spanId=] 1 --- [ORDER-SERVICE] [main] [                                                 ] in.cg.main.OrderServiceApplication       : Started OrderServiceApplication in 186.883 seconds (process running for 235.948)
2026-03-30T18:01:01.276Z  INFO [ORDER-SERVICE,traceId=,spanId=] 1 --- [ORDER-SERVICE] [AsyncResolver-bootstrap-executor-%d] [                                                 ] c.n.d.s.r.aws.ConfigClusterResolver      : Resolving eureka endpoints via configuration
2026-03-30T18:01:18.990Z  INFO [ORDER-SERVICE,traceId=,spanId=] 1 --- [ORDER-SERVICE] [http-nio-8083-exec-1] [                                                 ] o.a.c.c.C.[Tomcat].[localhost].[/]       : Initializing Spring DispatcherServlet 'dispatcherServlet'
2026-03-30T18:01:18.992Z  INFO [ORDER-SERVICE,traceId=,spanId=] 1 --- [ORDER-SERVICE] [http-nio-8083-exec-1] [                                                 ] o.s.web.servlet.DispatcherServlet        : Initializing Servlet 'dispatcherServlet'
2026-03-30T18:01:19.110Z  INFO [ORDER-SERVICE,traceId=,spanId=] 1 --- [ORDER-SERVICE] [http-nio-8083-exec-1] [                                                 ] o.s.web.servlet.DispatcherServlet        : Completed initialization in 116 ms
2026-03-30T18:01:23.139Z  INFO [ORDER-SERVICE,traceId=69caba6f3b4b1cb92e7d667c687ba906,spanId=7a6aaa5be6267e9d] 1 --- [ORDER-SERVICE] [http-nio-8083-exec-1] [69caba6f3b4b1cb92e7d667c687ba906-7a6aaa5be6267e9d] o.springdoc.api.AbstractOpenApiResource  : Init duration for springdoc-openapi is: 3284 ms
2026-03-30T18:04:51.263Z  INFO [ORDER-SERVICE,traceId=69cabb42346aeb8b6460c2878ed2a624,spanId=6f32a77924faca68] 1 --- [ORDER-SERVICE] [http-nio-8083-exec-8] [69cabb42346aeb8b6460c2878ed2a624-6f32a77924faca68] in.cg.main.service.EmailService          : Order email skipped because mail is disabled for singhraghav78444@gmail.com
2026-03-30T18:05:38.215Z  INFO [ORDER-SERVICE,traceId=,spanId=] 1 --- [ORDER-SERVICE] [AsyncResolver-bootstrap-executor-%d] [                                                 ] c.n.d.s.r.aws.ConfigClusterResolver      : Resolving eureka endpoints via configuration
2026-03-30T18:05:41.198Z  WARN [ORDER-SERVICE,traceId=69cabb75f107994fb611e31272c70a36,spanId=de3a6c6f9e76535f] 1 --- [ORDER-SERVICE] [http-nio-8083-exec-10] [69cabb75f107994fb611e31272c70a36-de3a6c6f9e76535f] ration$PageModule$WarningLoggingModifier : Serializing PageImpl instances as-is is not supported, meaning that there is no guarantee about the stability of the resulting JSON structure!
	For a stable JSON structure, please use Spring Data's PagedModel (globally via @EnableSpringDataWebSupport(pageSerializationMode = VIA_DTO))
	or Spring HATEOAS and Spring Data's PagedResourcesAssembler as documented in https://docs.spring.io/spring-data/commons/reference/repositories/core-extensions.html#core.web.pageables.

2026-03-30T18:06:42.337Z  INFO [ORDER-SERVICE,traceId=69cabbb2ef27b30ef959eea9619181a6,spanId=70821d4bdbcfeb01] 1 --- [ORDER-SERVICE] [http-nio-8083-exec-2] [69cabbb2ef27b30ef959eea9619181a6-70821d4bdbcfeb01] in.cg.main.service.EmailService          : Order email skipped because mail is disabled for singhraghav78444@gmail.com
2026-03-30T18:10:15.162Z  INFO [ORDER-SERVICE,traceId=,spanId=] 1 --- [ORDER-SERVICE] [AsyncResolver-bootstrap-executor-%d] [                                                 ] c.n.d.s.r.aws.ConfigClusterResolver      : Resolving eureka endpoints via configuration
2026-03-30T18:14:52.107Z  INFO [ORDER-SERVICE,traceId=,spanId=] 1 --- [ORDER-SERVICE] [AsyncResolver-bootstrap-executor-%d] [                                                 ] c.n.d.s.r.aws.ConfigClusterResolver      : Resolving eureka endpoints via configuration
2026-03-30T18:19:29.051Z  INFO [ORDER-SERVICE,traceId=,spanId=] 1 --- [ORDER-SERVICE] [AsyncResolver-bootstrap-executor-%d] [                                                 ] c.n.d.s.r.aws.ConfigClusterResolver      : Resolving eureka endpoints via configuration
2026-03-30T18:24:05.958Z  INFO [ORDER-SERVICE,traceId=,spanId=] 1 --- [ORDER-SERVICE] [AsyncResolver-bootstrap-executor-%d] [                                                 ] c.n.d.s.r.aws.ConfigClusterResolver      : Resolving eureka endpoints via configuration
2026-03-30T18:28:42.893Z  INFO [ORDER-SERVICE,traceId=,spanId=] 1 --- [ORDER-SERVICE] [AsyncResolver-bootstrap-executor-%d] [                                                 ] c.n.d.s.r.aws.ConfigClusterResolver      : Resolving eureka endpoints via configuration
2026-03-30T18:33:19.704Z  INFO [ORDER-SERVICE,traceId=,spanId=] 1 --- [ORDER-SERVICE] [AsyncResolver-bootstrap-executor-%d] [                                                 ] c.n.d.s.r.aws.ConfigClusterResolver      : Resolving eureka endpoints via configuration
2026-03-30T18:38:02.593Z  INFO [ORDER-SERVICE,traceId=,spanId=] 1 --- [ORDER-SERVICE] [AsyncResolver-bootstrap-executor-%d] [                                                 ] c.n.d.s.r.aws.ConfigClusterResolver      : Resolving eureka endpoints via configuration
2026-03-30T18:42:39.659Z  INFO [ORDER-SERVICE,traceId=,spanId=] 1 --- [ORDER-SERVICE] [AsyncResolver-bootstrap-executor-%d] [                                                 ] c.n.d.s.r.aws.ConfigClusterResolver      : Resolving eureka endpoints via configuration
2026-03-30T18:47:16.821Z  INFO [ORDER-SERVICE,traceId=,spanId=] 1 --- [ORDER-SERVICE] [AsyncResolver-bootstrap-executor-%d] [                                                 ] c.n.d.s.r.aws.ConfigClusterResolver      : Resolving eureka endpoints via configuration
2026-03-30T18:52:49.632Z  INFO [ORDER-SERVICE,traceId=,spanId=] 1 --- [ORDER-SERVICE] [main] [                                                 ] in.cg.main.OrderServiceApplication       : Starting OrderServiceApplication v0.0.1-SNAPSHOT using Java 21.0.10 with PID 1 (/app/app.jar started by root in /app)
2026-03-30T18:52:49.844Z  INFO [ORDER-SERVICE,traceId=,spanId=] 1 --- [ORDER-SERVICE] [main] [                                                 ] in.cg.main.OrderServiceApplication       : No active profile set, falling back to 1 default profile: "default"
2026-03-30T18:54:01.387Z  INFO [ORDER-SERVICE,traceId=,spanId=] 1 --- [ORDER-SERVICE] [main] [                                                 ] .s.d.r.c.RepositoryConfigurationDelegate : Bootstrapping Spring Data JPA repositories in DEFAULT mode.
2026-03-30T18:54:08.147Z  INFO [ORDER-SERVICE,traceId=,spanId=] 1 --- [ORDER-SERVICE] [main] [                                                 ] .s.d.r.c.RepositoryConfigurationDelegate : Finished Spring Data repository scanning in 6578 ms. Found 4 JPA repository interfaces.
2026-03-30T18:54:15.558Z  INFO [ORDER-SERVICE,traceId=,spanId=] 1 --- [ORDER-SERVICE] [main] [                                                 ] o.s.cloud.context.scope.GenericScope     : BeanFactory id=746677fc-3550-330c-adbe-21c5ed30ec3d
2026-03-30T18:54:39.431Z  WARN [ORDER-SERVICE,traceId=,spanId=] 1 --- [ORDER-SERVICE] [main] [                                                 ] trationDelegate$BeanPostProcessorChecker : Bean 'org.springframework.cloud.client.loadbalancer.LoadBalancerAutoConfiguration$DeferringLoadBalancerInterceptorConfig' of type [org.springframework.cloud.client.loadbalancer.LoadBalancerAutoConfiguration$DeferringLoadBalancerInterceptorConfig] is not eligible for getting processed by all BeanPostProcessors (for example: not eligible for auto-proxying). The currently created BeanPostProcessor [lbRestClientPostProcessor] is declared through a non-static factory method on that class; consider declaring it as static instead.
2026-03-30T18:54:40.004Z  WARN [ORDER-SERVICE,traceId=,spanId=] 1 --- [ORDER-SERVICE] [main] [                                                 ] trationDelegate$BeanPostProcessorChecker : Bean 'deferringLoadBalancerInterceptor' of type [org.springframework.cloud.client.loadbalancer.DeferringLoadBalancerInterceptor] is not eligible for getting processed by all BeanPostProcessors (for example: not eligible for auto-proxying). Is this bean getting eagerly injected/applied to a currently created BeanPostProcessor [lbRestClientPostProcessor]? Check the corresponding BeanPostProcessor declaration and its dependencies/advisors. If this bean does not have to be post-processed, declare it with ROLE_INFRASTRUCTURE.
2026-03-30T18:54:51.744Z  INFO [ORDER-SERVICE,traceId=,spanId=] 1 --- [ORDER-SERVICE] [main] [                                                 ] o.s.b.w.embedded.tomcat.TomcatWebServer  : Tomcat initialized with port 8083 (http)
2026-03-30T18:54:51.910Z  INFO [ORDER-SERVICE,traceId=,spanId=] 1 --- [ORDER-SERVICE] [main] [                                                 ] o.apache.catalina.core.StandardService   : Starting service [Tomcat]
2026-03-30T18:54:51.919Z  INFO [ORDER-SERVICE,traceId=,spanId=] 1 --- [ORDER-SERVICE] [main] [                                                 ] o.apache.catalina.core.StandardEngine    : Starting Servlet engine: [Apache Tomcat/10.1.31]
2026-03-30T18:54:52.977Z  INFO [ORDER-SERVICE,traceId=,spanId=] 1 --- [ORDER-SERVICE] [main] [                                                 ] o.a.c.c.C.[Tomcat].[localhost].[/]       : Initializing Spring embedded WebApplicationContext
2026-03-30T18:54:52.997Z  INFO [ORDER-SERVICE,traceId=,spanId=] 1 --- [ORDER-SERVICE] [main] [                                                 ] w.s.c.ServletWebServerApplicationContext : Root WebApplicationContext: initialization completed in 115572 ms
2026-03-30T18:55:19.224Z  INFO [ORDER-SERVICE,traceId=,spanId=] 1 --- [ORDER-SERVICE] [main] [                                                 ] o.hibernate.jpa.internal.util.LogHelper  : HHH000204: Processing PersistenceUnitInfo [name: default]
2026-03-30T18:55:20.619Z  INFO [ORDER-SERVICE,traceId=,spanId=] 1 --- [ORDER-SERVICE] [main] [                                                 ] org.hibernate.Version                    : HHH000412: Hibernate ORM core version 6.5.3.Final
2026-03-30T18:55:21.161Z  INFO [ORDER-SERVICE,traceId=,spanId=] 1 --- [ORDER-SERVICE] [main] [                                                 ] o.h.c.internal.RegionFactoryInitiator    : HHH000026: Second-level cache disabled
2026-03-30T18:55:25.616Z  INFO [ORDER-SERVICE,traceId=,spanId=] 1 --- [ORDER-SERVICE] [main] [                                                 ] o.s.o.j.p.SpringPersistenceUnitInfo      : No LoadTimeWeaver setup: ignoring JPA class transformer
2026-03-30T18:55:26.290Z  INFO [ORDER-SERVICE,traceId=,spanId=] 1 --- [ORDER-SERVICE] [main] [                                                 ] com.zaxxer.hikari.HikariDataSource       : HikariPool-1 - Starting...
2026-03-30T18:55:33.787Z  INFO [ORDER-SERVICE,traceId=,spanId=] 1 --- [ORDER-SERVICE] [main] [                                                 ] com.zaxxer.hikari.pool.HikariPool        : HikariPool-1 - Added connection com.mysql.cj.jdbc.ConnectionImpl@21b792c2
2026-03-30T18:55:33.808Z  INFO [ORDER-SERVICE,traceId=,spanId=] 1 --- [ORDER-SERVICE] [main] [                                                 ] com.zaxxer.hikari.HikariDataSource       : HikariPool-1 - Start completed.
2026-03-30T18:55:51.603Z  INFO [ORDER-SERVICE,traceId=,spanId=] 1 --- [ORDER-SERVICE] [main] [                                                 ] o.h.e.t.j.p.i.JtaPlatformInitiator       : HHH000489: No JTA platform available (set 'hibernate.transaction.jta.platform' to enable JTA platform integration)
